Using pre-set license
Built from '2020.3/staging' branch; Version is '2020.3.14f1 (d0d1bb862f9d) revision 13685179'; Using compiler version '192528614'; Build Type 'Release'
OS: 'Windows 10 Pro; OS build 19044.1618; Version 2009; 64bit' Language: 'en' Physical Memory: 16237 MB
BatchMode: 1, IsHumanControllingUs: 0, StartBugReporterOnCrash: 0, Is64bit: 1, IsPro: 0

 COMMAND LINE ARGUMENTS:
C:\Program Files\Unity\Hub\Editor\2020.3.14f1\Editor\Unity.exe
-adb2
-batchMode
-noUpm
-name
AssetImportWorker1
-projectPath
D:/ProjectBaseMaxAppflyerAPI31/ProjectBaseMaxAppflyerAPI31
-logFile
Logs/AssetImportWorker1.log
-srvPort
60055
Successfully changed project path to: D:/ProjectBaseMaxAppflyerAPI31/ProjectBaseMaxAppflyerAPI31
D:/ProjectBaseMaxAppflyerAPI31/ProjectBaseMaxAppflyerAPI31
Using Asset Import Pipeline V2.
Refreshing native plugins compatible for Editor in 149.63 ms, found 7 plugins.
Preloading 0 native plugins for Editor in 0.00 ms.
Initialize engine version: 2020.3.14f1 (d0d1bb862f9d)
[Subsystems] Discovering subsystems at path C:/Program Files/Unity/Hub/Editor/2020.3.14f1/Editor/Data/Resources/UnitySubsystems
[Subsystems] Discovering subsystems at path D:/ProjectBaseMaxAppflyerAPI31/ProjectBaseMaxAppflyerAPI31/Assets
GfxDevice: creating device client; threaded=0
Direct3D:
    Version:  Direct3D 11.0 [level 11.0]
    Renderer: NVIDIA GeForce GT 730 (ID=0x1287)
    Vendor:   
    VRAM:     2018 MB
    Driver:   23.21.13.8831
Initialize mono
Mono path[0] = 'C:/Program Files/Unity/Hub/Editor/2020.3.14f1/Editor/Data/Managed'
Mono path[1] = 'C:/Program Files/Unity/Hub/Editor/2020.3.14f1/Editor/Data/MonoBleedingEdge/lib/mono/unityjit'
Mono config path = 'C:/Program Files/Unity/Hub/Editor/2020.3.14f1/Editor/Data/MonoBleedingEdge/etc'
Using monoOptions --debugger-agent=transport=dt_socket,embedding=1,server=y,suspend=n,address=127.0.0.1:56452
Begin MonoManager ReloadAssembly
Registering precompiled unity dll's ...
Register platform support module: C:/Program Files/Unity/Hub/Editor/2020.3.14f1/Editor/Data/PlaybackEngines/WebGLSupport/UnityEditor.WebGL.Extensions.dll
Register platform support module: C:/Program Files/Unity/Hub/Editor/2020.3.14f1/Editor/Data/PlaybackEngines/MacStandaloneSupport/UnityEditor.OSXStandalone.Extensions.dll
Register platform support module: C:/Program Files/Unity/Hub/Editor/2020.3.14f1/Editor/Data/PlaybackEngines/WindowsStandaloneSupport/UnityEditor.WindowsStandalone.Extensions.dll
Register platform support module: C:/Program Files/Unity/Hub/Editor/2020.3.14f1/Editor/Data/PlaybackEngines/LinuxStandaloneSupport/UnityEditor.LinuxStandalone.Extensions.dll
Register platform support module: C:/Program Files/Unity/Hub/Editor/2020.3.14f1/Editor/Data/PlaybackEngines/LuminSupport/UnityEditor.Lumin.Extensions.dll
Registered in 0.002227 seconds.
Native extension for Lumin target not found
Native extension for LinuxStandalone target not found
Native extension for WindowsStandalone target not found
Native extension for OSXStandalone target not found
Native extension for WebGL target not found
Refreshing native plugins compatible for Editor in 122.36 ms, found 7 plugins.
Preloading 0 native plugins for Editor in 0.00 ms.
Mono: successfully reloaded assembly
- Completed reload, in  7.069 seconds
Domain Reload Profiling:
	ReloadAssembly (7069ms)
		BeginReloadAssembly (44ms)
			ExecutionOrderSort (0ms)
			DisableScriptedObjects (0ms)
			BackupInstance (0ms)
			ReleaseScriptingObjects (0ms)
			CreateAndSetChildDomain (1ms)
		EndReloadAssembly (485ms)
			LoadAssemblies (43ms)
			RebuildTransferFunctionScriptingTraits (0ms)
			SetupTypeCache (135ms)
			ReleaseScriptCaches (0ms)
			RebuildScriptCaches (31ms)
			SetupLoadedEditorAssemblies (249ms)
				LogAssemblyErrors (0ms)
				InitializePlatformSupportModulesInManaged (7ms)
				SetLoadedEditorAssemblies (0ms)
				RefreshPlugins (122ms)
				BeforeProcessingInitializeOnLoad (12ms)
				ProcessInitializeOnLoadAttributes (72ms)
				ProcessInitializeOnLoadMethodAttributes (35ms)
				AfterProcessingInitializeOnLoad (0ms)
				EditorAssembliesLoaded (0ms)
			ExecutionOrderSort2 (0ms)
			AwakeInstancesAfterBackupRestoration (0ms)
Platform modules already initialized, skipping
Registering precompiled user dll's ...
Registered in 0.012145 seconds.
Begin MonoManager ReloadAssembly
Error: Could not load signature of Firebase.Crashlytics.Editor.iOSPostBuild:SetupGUIDForSymbolUploads due to: Could not load file or assembly 'UnityEditor.iOS.Extensions.Xcode, Version=1.0.0.0, Culture=neutral, PublicKeyToken=null' or one of its dependencies. assembly:UnityEditor.iOS.Extensions.Xcode, Version=1.0.0.0, Culture=neutral, PublicKeyToken=null type:<unknown type> member:(null) signature:<none>

OnLevelWasLoaded was found on BoxController
This message has been deprecated and will be removed in a later version of Unity.
Add a delegate to SceneManager.sceneLoaded instead to get notifications after scene loading has completed

OnLevelWasLoaded was found on AdmobAds
This message has been deprecated and will be removed in a later version of Unity.
Add a delegate to SceneManager.sceneLoaded instead to get notifications after scene loading has completed

Unloading broken assembly Packages/com.google.firebase.crashlytics/Firebase/Editor/Firebase.Crashlytics.Editor.dll, this assembly can cause crashes in the runtime

Native extension for Lumin target not found
Native extension for LinuxStandalone target not found
Native extension for WindowsStandalone target not found
Native extension for OSXStandalone target not found
Native extension for WebGL target not found
Refreshing native plugins compatible for Editor in 124.26 ms, found 7 plugins.
Preloading 0 native plugins for Editor in 0.00 ms.
Mono: successfully reloaded assembly
- Completed reload, in  3.090 seconds
Domain Reload Profiling:
	ReloadAssembly (3091ms)
		BeginReloadAssembly (122ms)
			ExecutionOrderSort (0ms)
			DisableScriptedObjects (4ms)
			BackupInstance (0ms)
			ReleaseScriptingObjects (0ms)
			CreateAndSetChildDomain (17ms)
		EndReloadAssembly (2915ms)
			LoadAssemblies (96ms)
			RebuildTransferFunctionScriptingTraits (0ms)
			SetupTypeCache (360ms)
			ReleaseScriptCaches (1ms)
			RebuildScriptCaches (80ms)
			SetupLoadedEditorAssemblies (1169ms)
				LogAssemblyErrors (0ms)
				InitializePlatformSupportModulesInManaged (7ms)
				SetLoadedEditorAssemblies (0ms)
				RefreshPlugins (124ms)
				BeforeProcessingInitializeOnLoad (113ms)
				ProcessInitializeOnLoadAttributes (810ms)
				ProcessInitializeOnLoadMethodAttributes (111ms)
				AfterProcessingInitializeOnLoad (4ms)
				EditorAssembliesLoaded (1ms)
			ExecutionOrderSort2 (0ms)
			AwakeInstancesAfterBackupRestoration (9ms)
Platform modules already initialized, skipping
========================================================================
Worker process is ready to serve import requests
Launched and connected shader compiler UnityShaderCompiler.exe after 0.03 seconds
Refreshing native plugins compatible for Editor in 2.27 ms, found 7 plugins.
Preloading 0 native plugins for Editor in 0.00 ms.
Unloading 4681 Unused Serialized files (Serialized files now loaded: 0)
System memory in use before: 182.1 MB.
System memory in use after: 181.3 MB.

Unloading 232 unused Assets to reduce memory usage. Loaded Objects now: 5027.
Total: 29.184900 ms (FindLiveObjects: 0.442900 ms CreateObjectMapping: 0.186400 ms MarkObjects: 27.689700 ms  DeleteObjects: 0.864200 ms)

AssetImportParameters requested are different than current active one (requested -> active):
  custom:framework-win-MediaFoundation: 216162199b28c13a410421893ffa2e32 -> 
  custom:video-decoder-ogg-theora: a1e56fd34408186e4bbccfd4996cb3dc -> 
  custom:container-muxer-webm: aa71ff27fc2769a1b78a27578f13a17b -> 
  custom:container-demuxer-webm: 4f35f7cbe854078d1ac9338744f61a02 -> 
  custom:container-demuxer-ogg: 62fdf1f143b41e24485cea50d1cbac27 -> 
  custom:video-encoder-webm-vp8: eb34c28f22e8b96e1ab97ce403110664 -> 
  custom:video-decoder-webm-vp8: 9c59270c3fd7afecdb556c50c9e8de78 -> 
  custom:audio-decoder-ogg-vorbis: bf7c407c2cedff20999df2af8eb42d56 -> 
  custom:audio-encoder-webm-vorbis: bf7c407c2cedff20999df2af8eb42d56 -> 
========================================================================
Received Import Request.
  path: Assets/Resources/UI/PanelPrizesnomal.prefab
  artifactKey: Guid(d82dd0d6798b3ab4b82612cbabbc6e8f) Importer(815301076,1909f56bfc062723c751e8b465ee728b)
Start importing Assets/Resources/UI/PanelPrizesnomal.prefab using Guid(d82dd0d6798b3ab4b82612cbabbc6e8f) Importer(815301076,1909f56bfc062723c751e8b465ee728b)  -> (artifact id: '2035567d799e667443581fb783c657ca') in 0.063302 seconds 
  Import took 0.088905 seconds .

========================================================================
Received Import Request.
  Time since last request: 20.375409 seconds.
  path: Assets/Resources/UI/PanelPrizesnomal.prefab
  artifactKey: Guid(d82dd0d6798b3ab4b82612cbabbc6e8f) Importer(815301076,1909f56bfc062723c751e8b465ee728b)
Start importing Assets/Resources/UI/PanelPrizesnomal.prefab using Guid(d82dd0d6798b3ab4b82612cbabbc6e8f) Importer(815301076,1909f56bfc062723c751e8b465ee728b)  -> (artifact id: '7e3e58aa3946b2166d253e9c929489e1') in 0.015436 seconds 
  Import took 0.050862 seconds .

========================================================================
Received Import Request.
  Time since last request: 4.693631 seconds.
  path: Assets/Resources/UI/PanelPrizesnomal.prefab
  artifactKey: Guid(d82dd0d6798b3ab4b82612cbabbc6e8f) Importer(815301076,1909f56bfc062723c751e8b465ee728b)
Start importing Assets/Resources/UI/PanelPrizesnomal.prefab using Guid(d82dd0d6798b3ab4b82612cbabbc6e8f) Importer(815301076,1909f56bfc062723c751e8b465ee728b)  -> (artifact id: 'ca607edc22f045b1995d68ee6d080732') in 0.011557 seconds 
  Import took 0.035615 seconds .

========================================================================
Received Import Request.
  Time since last request: 0.143125 seconds.
  path: Assets/Resources/UI/PanelPrizesnomal.prefab
  artifactKey: Guid(d82dd0d6798b3ab4b82612cbabbc6e8f) Importer(815301076,1909f56bfc062723c751e8b465ee728b)
Start importing Assets/Resources/UI/PanelPrizesnomal.prefab using Guid(d82dd0d6798b3ab4b82612cbabbc6e8f) Importer(815301076,1909f56bfc062723c751e8b465ee728b)  -> (artifact id: 'ca607edc22f045b1995d68ee6d080732') in 0.011078 seconds 
  Import took 0.020028 seconds .

========================================================================
Received Import Request.
  Time since last request: 7.524365 seconds.
  path: Assets/Resources/UI/PanelPrizesnomal.prefab
  artifactKey: Guid(d82dd0d6798b3ab4b82612cbabbc6e8f) Importer(815301076,1909f56bfc062723c751e8b465ee728b)
Start importing Assets/Resources/UI/PanelPrizesnomal.prefab using Guid(d82dd0d6798b3ab4b82612cbabbc6e8f) Importer(815301076,1909f56bfc062723c751e8b465ee728b)  -> (artifact id: '47ca955d8bf7f9579f2b5998d7a4017d') in 0.011183 seconds 
  Import took 0.029736 seconds .

========================================================================
Received Import Request.
  Time since last request: 3.282168 seconds.
  path: Assets/Resources/UI/PanelPrizesnomal.prefab
  artifactKey: Guid(d82dd0d6798b3ab4b82612cbabbc6e8f) Importer(815301076,1909f56bfc062723c751e8b465ee728b)
Start importing Assets/Resources/UI/PanelPrizesnomal.prefab using Guid(d82dd0d6798b3ab4b82612cbabbc6e8f) Importer(815301076,1909f56bfc062723c751e8b465ee728b)  -> (artifact id: '0ca8b850ce34951e0f7a2b563242f720') in 0.011290 seconds 
  Import took 0.034036 seconds .

========================================================================
Received Import Request.
  Time since last request: 5.380676 seconds.
  path: Assets/Resources/UI/PanelPrizesnomal.prefab
  artifactKey: Guid(d82dd0d6798b3ab4b82612cbabbc6e8f) Importer(815301076,1909f56bfc062723c751e8b465ee728b)
Start importing Assets/Resources/UI/PanelPrizesnomal.prefab using Guid(d82dd0d6798b3ab4b82612cbabbc6e8f) Importer(815301076,1909f56bfc062723c751e8b465ee728b)  -> (artifact id: 'e35e32c0df5883d70957f1973c7038bd') in 0.015176 seconds 
  Import took 0.042096 seconds .

========================================================================
Received Import Request.
  Time since last request: 2.331292 seconds.
  path: Assets/Resources/UI/PanelPrizesnomal.prefab
  artifactKey: Guid(d82dd0d6798b3ab4b82612cbabbc6e8f) Importer(815301076,1909f56bfc062723c751e8b465ee728b)
Start importing Assets/Resources/UI/PanelPrizesnomal.prefab using Guid(d82dd0d6798b3ab4b82612cbabbc6e8f) Importer(815301076,1909f56bfc062723c751e8b465ee728b)  -> (artifact id: '8cde761f6baa2b7deadd09a10e164177') in 0.012303 seconds 
  Import took 0.030648 seconds .

========================================================================
Received Import Request.
  Time since last request: 5.862384 seconds.
  path: Assets/Resources/UI/PanelPrizesnomal.prefab
  artifactKey: Guid(d82dd0d6798b3ab4b82612cbabbc6e8f) Importer(815301076,1909f56bfc062723c751e8b465ee728b)
Start importing Assets/Resources/UI/PanelPrizesnomal.prefab using Guid(d82dd0d6798b3ab4b82612cbabbc6e8f) Importer(815301076,1909f56bfc062723c751e8b465ee728b)  -> (artifact id: '9c6ab5ac7d53d4bbf561723db46fc546') in 0.011729 seconds 
  Import took 0.043159 seconds .

========================================================================
Received Import Request.
  Time since last request: 2.384430 seconds.
  path: Assets/Resources/UI/PanelPrizesnomal.prefab
  artifactKey: Guid(d82dd0d6798b3ab4b82612cbabbc6e8f) Importer(815301076,1909f56bfc062723c751e8b465ee728b)
Start importing Assets/Resources/UI/PanelPrizesnomal.prefab using Guid(d82dd0d6798b3ab4b82612cbabbc6e8f) Importer(815301076,1909f56bfc062723c751e8b465ee728b)  -> (artifact id: '34e8da72f7f006ab21ff5ca6e826c7f5') in 0.012124 seconds 
  Import took 0.022876 seconds .

========================================================================
Received Import Request.
  Time since last request: 4.071893 seconds.
  path: Assets/Resources/UI/PanelPrizesnomal.prefab
  artifactKey: Guid(d82dd0d6798b3ab4b82612cbabbc6e8f) Importer(815301076,1909f56bfc062723c751e8b465ee728b)
Start importing Assets/Resources/UI/PanelPrizesnomal.prefab using Guid(d82dd0d6798b3ab4b82612cbabbc6e8f) Importer(815301076,1909f56bfc062723c751e8b465ee728b)  -> (artifact id: '6d0bedc456fef1c6545a5016df9e3e63') in 0.014179 seconds 
  Import took 0.045107 seconds .

========================================================================
Received Import Request.
  Time since last request: 2.200868 seconds.
  path: Assets/Resources/UI/PanelPrizesnomal.prefab
  artifactKey: Guid(d82dd0d6798b3ab4b82612cbabbc6e8f) Importer(815301076,1909f56bfc062723c751e8b465ee728b)
Start importing Assets/Resources/UI/PanelPrizesnomal.prefab using Guid(d82dd0d6798b3ab4b82612cbabbc6e8f) Importer(815301076,1909f56bfc062723c751e8b465ee728b)  -> (artifact id: '8e59adbea9b7dde78914991907f04b15') in 0.011107 seconds 
  Import took 0.036720 seconds .

========================================================================
Received Import Request.
  Time since last request: 4.661714 seconds.
  path: Assets/Resources/UI/PanelPrizesnomal.prefab
  artifactKey: Guid(d82dd0d6798b3ab4b82612cbabbc6e8f) Importer(815301076,1909f56bfc062723c751e8b465ee728b)
Start importing Assets/Resources/UI/PanelPrizesnomal.prefab using Guid(d82dd0d6798b3ab4b82612cbabbc6e8f) Importer(815301076,1909f56bfc062723c751e8b465ee728b)  -> (artifact id: '58451767901e7592a8ff5818e67abd00') in 0.011642 seconds 
  Import took 0.032093 seconds .

========================================================================
Received Import Request.
  Time since last request: 1.707123 seconds.
  path: Assets/Resources/UI/PanelPrizesnomal.prefab
  artifactKey: Guid(d82dd0d6798b3ab4b82612cbabbc6e8f) Importer(815301076,1909f56bfc062723c751e8b465ee728b)
Start importing Assets/Resources/UI/PanelPrizesnomal.prefab using Guid(d82dd0d6798b3ab4b82612cbabbc6e8f) Importer(815301076,1909f56bfc062723c751e8b465ee728b)  -> (artifact id: 'ad15c3f37d6036945bfd714261fd761d') in 0.011403 seconds 
  Import took 0.021882 seconds .

========================================================================
Received Import Request.
  Time since last request: 4.294705 seconds.
  path: Assets/Resources/UI/PanelPrizesnomal.prefab
  artifactKey: Guid(d82dd0d6798b3ab4b82612cbabbc6e8f) Importer(815301076,1909f56bfc062723c751e8b465ee728b)
Start importing Assets/Resources/UI/PanelPrizesnomal.prefab using Guid(d82dd0d6798b3ab4b82612cbabbc6e8f) Importer(815301076,1909f56bfc062723c751e8b465ee728b)  -> (artifact id: '3be769ae3e5256c209403e7b05802f9b') in 0.011792 seconds 
  Import took 0.034528 seconds .

========================================================================
Received Import Request.
  Time since last request: 3.519586 seconds.
  path: Assets/Resources/UI/PanelPrizesnomal.prefab
  artifactKey: Guid(d82dd0d6798b3ab4b82612cbabbc6e8f) Importer(815301076,1909f56bfc062723c751e8b465ee728b)
Start importing Assets/Resources/UI/PanelPrizesnomal.prefab using Guid(d82dd0d6798b3ab4b82612cbabbc6e8f) Importer(815301076,1909f56bfc062723c751e8b465ee728b)  -> (artifact id: 'e535aeab674c23e2994c9e466dda33f9') in 0.010697 seconds 
  Import took 0.026024 seconds .

========================================================================
Received Import Request.
  Time since last request: 3.633905 seconds.
  path: Assets/Resources/UI/PanelPrizesnomal.prefab
  artifactKey: Guid(d82dd0d6798b3ab4b82612cbabbc6e8f) Importer(815301076,1909f56bfc062723c751e8b465ee728b)
Start importing Assets/Resources/UI/PanelPrizesnomal.prefab using Guid(d82dd0d6798b3ab4b82612cbabbc6e8f) Importer(815301076,1909f56bfc062723c751e8b465ee728b)  -> (artifact id: '5a124027b0647e272225614a2530dbee') in 0.014009 seconds 
  Import took 0.042186 seconds .

========================================================================
Received Import Request.
  Time since last request: 2.504235 seconds.
  path: Assets/Resources/UI/PanelPrizesnomal.prefab
  artifactKey: Guid(d82dd0d6798b3ab4b82612cbabbc6e8f) Importer(815301076,1909f56bfc062723c751e8b465ee728b)
Start importing Assets/Resources/UI/PanelPrizesnomal.prefab using Guid(d82dd0d6798b3ab4b82612cbabbc6e8f) Importer(815301076,1909f56bfc062723c751e8b465ee728b)  -> (artifact id: '57e23ea9f05048ff3ca2d363bdcef11d') in 0.011581 seconds 
  Import took 0.038702 seconds .

========================================================================
Received Import Request.
  Time since last request: 4.674405 seconds.
  path: Assets/Resources/UI/PanelPrizesnomal.prefab
  artifactKey: Guid(d82dd0d6798b3ab4b82612cbabbc6e8f) Importer(815301076,1909f56bfc062723c751e8b465ee728b)
Start importing Assets/Resources/UI/PanelPrizesnomal.prefab using Guid(d82dd0d6798b3ab4b82612cbabbc6e8f) Importer(815301076,1909f56bfc062723c751e8b465ee728b)  -> (artifact id: '5cd8f575aa966229fed8baae324b3610') in 0.010602 seconds 
  Import took 0.020189 seconds .

========================================================================
Received Import Request.
  Time since last request: 2.198130 seconds.
  path: Assets/Resources/UI/PanelPrizesnomal.prefab
  artifactKey: Guid(d82dd0d6798b3ab4b82612cbabbc6e8f) Importer(815301076,1909f56bfc062723c751e8b465ee728b)
Start importing Assets/Resources/UI/PanelPrizesnomal.prefab using Guid(d82dd0d6798b3ab4b82612cbabbc6e8f) Importer(815301076,1909f56bfc062723c751e8b465ee728b)  -> (artifact id: 'b4b66b78a4edc052b6a9f7c709ec215e') in 0.011767 seconds 
  Import took 0.032063 seconds .

========================================================================
Received Prepare
Registering precompiled user dll's ...
Registered in 0.011285 seconds.
Begin MonoManager ReloadAssembly
Error: Could not load signature of Firebase.Crashlytics.Editor.iOSPostBuild:SetupGUIDForSymbolUploads due to: Could not load file or assembly 'UnityEditor.iOS.Extensions.Xcode, Version=1.0.0.0, Culture=neutral, PublicKeyToken=null' or one of its dependencies. assembly:UnityEditor.iOS.Extensions.Xcode, Version=1.0.0.0, Culture=neutral, PublicKeyToken=null type:<unknown type> member:(null) signature:<none>

Unloading broken assembly Packages/com.google.firebase.crashlytics/Firebase/Editor/Firebase.Crashlytics.Editor.dll, this assembly can cause crashes in the runtime

Native extension for Lumin target not found
Native extension for LinuxStandalone target not found
Native extension for WindowsStandalone target not found
Native extension for OSXStandalone target not found
Native extension for WebGL target not found
Refreshing native plugins compatible for Editor in 2.14 ms, found 7 plugins.
Preloading 0 native plugins for Editor in 0.00 ms.
Mono: successfully reloaded assembly
- Completed reload, in  2.102 seconds
Domain Reload Profiling:
	ReloadAssembly (2102ms)
		BeginReloadAssembly (125ms)
			ExecutionOrderSort (0ms)
			DisableScriptedObjects (5ms)
			BackupInstance (0ms)
			ReleaseScriptingObjects (0ms)
			CreateAndSetChildDomain (59ms)
		EndReloadAssembly (1923ms)
			LoadAssemblies (107ms)
			RebuildTransferFunctionScriptingTraits (0ms)
			SetupTypeCache (407ms)
			ReleaseScriptCaches (1ms)
			RebuildScriptCaches (51ms)
			SetupLoadedEditorAssemblies (1224ms)
				LogAssemblyErrors (0ms)
				InitializePlatformSupportModulesInManaged (8ms)
				SetLoadedEditorAssemblies (1ms)
				RefreshPlugins (2ms)
				BeforeProcessingInitializeOnLoad (100ms)
				ProcessInitializeOnLoadAttributes (1041ms)
				ProcessInitializeOnLoadMethodAttributes (66ms)
				AfterProcessingInitializeOnLoad (4ms)
				EditorAssembliesLoaded (1ms)
			ExecutionOrderSort2 (0ms)
			AwakeInstancesAfterBackupRestoration (9ms)
Platform modules already initialized, skipping
OnLevelWasLoaded was found on AdmobAds
This message has been deprecated and will be removed in a later version of Unity.
Add a delegate to SceneManager.sceneLoaded instead to get notifications after scene loading has completed

OnLevelWasLoaded was found on BoxController
This message has been deprecated and will be removed in a later version of Unity.
Add a delegate to SceneManager.sceneLoaded instead to get notifications after scene loading has completed

Switching build target platform(19) subTarget(0) extendedPlatform(0) -> platform(13) subTarget(537395200) extendedPlatform(0)
Refreshing native plugins compatible for Editor in 2.09 ms, found 7 plugins.
Preloading 0 native plugins for Editor in 0.00 ms.
Unloading 4623 Unused Serialized files (Serialized files now loaded: 0)
System memory in use before: 177.4 MB.
System memory in use after: 176.5 MB.

Unloading 340 unused Assets to reduce memory usage. Loaded Objects now: 5031.
Total: 29.764400 ms (FindLiveObjects: 0.455200 ms CreateObjectMapping: 0.210700 ms MarkObjects: 27.857300 ms  DeleteObjects: 1.238900 ms)

AssetImportParameters requested are different than current active one (requested -> active):
  custom:framework-win-MediaFoundation: 216162199b28c13a410421893ffa2e32 -> 
  custom:video-decoder-ogg-theora: a1e56fd34408186e4bbccfd4996cb3dc -> 
  custom:container-muxer-webm: aa71ff27fc2769a1b78a27578f13a17b -> 
  custom:container-demuxer-webm: 4f35f7cbe854078d1ac9338744f61a02 -> 
  custom:container-demuxer-ogg: 62fdf1f143b41e24485cea50d1cbac27 -> 
  custom:video-encoder-webm-vp8: eb34c28f22e8b96e1ab97ce403110664 -> 
  custom:video-decoder-webm-vp8: 9c59270c3fd7afecdb556c50c9e8de78 -> 
  custom:graphics/normal-map-encoding: 01000000000000000000000000000000 -> 02000000000000000000000000000000
  custom:audio-decoder-ogg-vorbis: bf7c407c2cedff20999df2af8eb42d56 -> 
  custom:audio-encoder-webm-vorbis: bf7c407c2cedff20999df2af8eb42d56 -> 
========================================================================
Received Prepare
Registering precompiled user dll's ...
Registered in 0.012963 seconds.
Begin MonoManager ReloadAssembly
Error: Could not load signature of Firebase.Crashlytics.Editor.iOSPostBuild:SetupGUIDForSymbolUploads due to: Could not load file or assembly 'UnityEditor.iOS.Extensions.Xcode, Version=1.0.0.0, Culture=neutral, PublicKeyToken=null' or one of its dependencies. assembly:UnityEditor.iOS.Extensions.Xcode, Version=1.0.0.0, Culture=neutral, PublicKeyToken=null type:<unknown type> member:(null) signature:<none>

Unloading broken assembly Packages/com.google.firebase.crashlytics/Firebase/Editor/Firebase.Crashlytics.Editor.dll, this assembly can cause crashes in the runtime

Native extension for Lumin target not found
Native extension for LinuxStandalone target not found
Native extension for WindowsStandalone target not found
Native extension for OSXStandalone target not found
Native extension for WebGL target not found
Refreshing native plugins compatible for Editor in 3.61 ms, found 7 plugins.
Preloading 0 native plugins for Editor in 0.00 ms.
Mono: successfully reloaded assembly
- Completed reload, in  2.412 seconds
Domain Reload Profiling:
	ReloadAssembly (2412ms)
		BeginReloadAssembly (121ms)
			ExecutionOrderSort (0ms)
			DisableScriptedObjects (5ms)
			BackupInstance (0ms)
			ReleaseScriptingObjects (0ms)
			CreateAndSetChildDomain (55ms)
		EndReloadAssembly (2220ms)
			LoadAssemblies (120ms)
			RebuildTransferFunctionScriptingTraits (0ms)
			SetupTypeCache (458ms)
			ReleaseScriptCaches (1ms)
			RebuildScriptCaches (55ms)
			SetupLoadedEditorAssemblies (1430ms)
				LogAssemblyErrors (0ms)
				InitializePlatformSupportModulesInManaged (8ms)
				SetLoadedEditorAssemblies (1ms)
				RefreshPlugins (4ms)
				BeforeProcessingInitializeOnLoad (125ms)
				ProcessInitializeOnLoadAttributes (1214ms)
				ProcessInitializeOnLoadMethodAttributes (72ms)
				AfterProcessingInitializeOnLoad (5ms)
				EditorAssembliesLoaded (1ms)
			ExecutionOrderSort2 (0ms)
			AwakeInstancesAfterBackupRestoration (6ms)
Platform modules already initialized, skipping
OnLevelWasLoaded was found on AdmobAds
This message has been deprecated and will be removed in a later version of Unity.
Add a delegate to SceneManager.sceneLoaded instead to get notifications after scene loading has completed

OnLevelWasLoaded was found on BoxController
This message has been deprecated and will be removed in a later version of Unity.
Add a delegate to SceneManager.sceneLoaded instead to get notifications after scene loading has completed

Switching build target platform(19) subTarget(0) extendedPlatform(0) -> platform(13) subTarget(537395200) extendedPlatform(0)
Refreshing native plugins compatible for Editor in 2.61 ms, found 7 plugins.
Preloading 0 native plugins for Editor in 0.00 ms.
Unloading 4623 Unused Serialized files (Serialized files now loaded: 0)
System memory in use before: 177.5 MB.
System memory in use after: 176.6 MB.

Unloading 339 unused Assets to reduce memory usage. Loaded Objects now: 5033.
Total: 33.235100 ms (FindLiveObjects: 0.753400 ms CreateObjectMapping: 0.335300 ms MarkObjects: 30.998900 ms  DeleteObjects: 1.143500 ms)

AssetImportParameters requested are different than current active one (requested -> active):
  custom:framework-win-MediaFoundation: 216162199b28c13a410421893ffa2e32 -> 
  custom:video-decoder-ogg-theora: a1e56fd34408186e4bbccfd4996cb3dc -> 
  custom:container-muxer-webm: aa71ff27fc2769a1b78a27578f13a17b -> 
  custom:container-demuxer-webm: 4f35f7cbe854078d1ac9338744f61a02 -> 
  custom:container-demuxer-ogg: 62fdf1f143b41e24485cea50d1cbac27 -> 
  custom:video-encoder-webm-vp8: eb34c28f22e8b96e1ab97ce403110664 -> 
  custom:video-decoder-webm-vp8: 9c59270c3fd7afecdb556c50c9e8de78 -> 
  custom:graphics/normal-map-encoding: 01000000000000000000000000000000 -> 02000000000000000000000000000000
  custom:audio-decoder-ogg-vorbis: bf7c407c2cedff20999df2af8eb42d56 -> 
  custom:audio-encoder-webm-vorbis: bf7c407c2cedff20999df2af8eb42d56 -> 
========================================================================
Received Prepare
Registering precompiled user dll's ...
Registered in 0.014953 seconds.
Begin MonoManager ReloadAssembly
Error: Could not load signature of Firebase.Crashlytics.Editor.iOSPostBuild:SetupGUIDForSymbolUploads due to: Could not load file or assembly 'UnityEditor.iOS.Extensions.Xcode, Version=1.0.0.0, Culture=neutral, PublicKeyToken=null' or one of its dependencies. assembly:UnityEditor.iOS.Extensions.Xcode, Version=1.0.0.0, Culture=neutral, PublicKeyToken=null type:<unknown type> member:(null) signature:<none>

Unloading broken assembly Packages/com.google.firebase.crashlytics/Firebase/Editor/Firebase.Crashlytics.Editor.dll, this assembly can cause crashes in the runtime

Native extension for Lumin target not found
Native extension for LinuxStandalone target not found
Native extension for WindowsStandalone target not found
Native extension for OSXStandalone target not found
Native extension for WebGL target not found
Refreshing native plugins compatible for Editor in 2.81 ms, found 7 plugins.
Preloading 0 native plugins for Editor in 0.00 ms.
Mono: successfully reloaded assembly
- Completed reload, in  2.534 seconds
Domain Reload Profiling:
	ReloadAssembly (2534ms)
		BeginReloadAssembly (145ms)
			ExecutionOrderSort (0ms)
			DisableScriptedObjects (7ms)
			BackupInstance (0ms)
			ReleaseScriptingObjects (0ms)
			CreateAndSetChildDomain (67ms)
		EndReloadAssembly (2324ms)
			LoadAssemblies (115ms)
			RebuildTransferFunctionScriptingTraits (0ms)
			SetupTypeCache (465ms)
			ReleaseScriptCaches (1ms)
			RebuildScriptCaches (63ms)
			SetupLoadedEditorAssemblies (1488ms)
				LogAssemblyErrors (0ms)
				InitializePlatformSupportModulesInManaged (11ms)
				SetLoadedEditorAssemblies (1ms)
				RefreshPlugins (3ms)
				BeforeProcessingInitializeOnLoad (123ms)
				ProcessInitializeOnLoadAttributes (1230ms)
				ProcessInitializeOnLoadMethodAttributes (116ms)
				AfterProcessingInitializeOnLoad (5ms)
				EditorAssembliesLoaded (1ms)
			ExecutionOrderSort2 (0ms)
			AwakeInstancesAfterBackupRestoration (16ms)
Platform modules already initialized, skipping
OnLevelWasLoaded was found on AdmobAds
This message has been deprecated and will be removed in a later version of Unity.
Add a delegate to SceneManager.sceneLoaded instead to get notifications after scene loading has completed

OnLevelWasLoaded was found on BoxController
This message has been deprecated and will be removed in a later version of Unity.
Add a delegate to SceneManager.sceneLoaded instead to get notifications after scene loading has completed

Switching build target platform(19) subTarget(0) extendedPlatform(0) -> platform(13) subTarget(537395200) extendedPlatform(0)
Refreshing native plugins compatible for Editor in 2.57 ms, found 7 plugins.
Preloading 0 native plugins for Editor in 0.00 ms.
Unloading 4623 Unused Serialized files (Serialized files now loaded: 0)
System memory in use before: 177.5 MB.
System memory in use after: 176.6 MB.

Unloading 339 unused Assets to reduce memory usage. Loaded Objects now: 5035.
Total: 34.473800 ms (FindLiveObjects: 0.439300 ms CreateObjectMapping: 0.265900 ms MarkObjects: 32.646600 ms  DeleteObjects: 1.120000 ms)

AssetImportParameters requested are different than current active one (requested -> active):
  custom:framework-win-MediaFoundation: 216162199b28c13a410421893ffa2e32 -> 
  custom:video-decoder-ogg-theora: a1e56fd34408186e4bbccfd4996cb3dc -> 
  custom:container-muxer-webm: aa71ff27fc2769a1b78a27578f13a17b -> 
  custom:container-demuxer-webm: 4f35f7cbe854078d1ac9338744f61a02 -> 
  custom:container-demuxer-ogg: 62fdf1f143b41e24485cea50d1cbac27 -> 
  custom:video-encoder-webm-vp8: eb34c28f22e8b96e1ab97ce403110664 -> 
  custom:video-decoder-webm-vp8: 9c59270c3fd7afecdb556c50c9e8de78 -> 
  custom:graphics/normal-map-encoding: 01000000000000000000000000000000 -> 02000000000000000000000000000000
  custom:audio-decoder-ogg-vorbis: bf7c407c2cedff20999df2af8eb42d56 -> 
  custom:audio-encoder-webm-vorbis: bf7c407c2cedff20999df2af8eb42d56 -> 
========================================================================
Received Prepare
Registering precompiled user dll's ...
Registered in 0.011331 seconds.
Begin MonoManager ReloadAssembly
Error: Could not load signature of Firebase.Crashlytics.Editor.iOSPostBuild:SetupGUIDForSymbolUploads due to: Could not load file or assembly 'UnityEditor.iOS.Extensions.Xcode, Version=1.0.0.0, Culture=neutral, PublicKeyToken=null' or one of its dependencies. assembly:UnityEditor.iOS.Extensions.Xcode, Version=1.0.0.0, Culture=neutral, PublicKeyToken=null type:<unknown type> member:(null) signature:<none>

Unloading broken assembly Packages/com.google.firebase.crashlytics/Firebase/Editor/Firebase.Crashlytics.Editor.dll, this assembly can cause crashes in the runtime

Native extension for Lumin target not found
Native extension for LinuxStandalone target not found
Native extension for WindowsStandalone target not found
Native extension for OSXStandalone target not found
Native extension for WebGL target not found
Refreshing native plugins compatible for Editor in 2.69 ms, found 7 plugins.
Preloading 0 native plugins for Editor in 0.00 ms.
Mono: successfully reloaded assembly
- Completed reload, in  2.113 seconds
Domain Reload Profiling:
	ReloadAssembly (2113ms)
		BeginReloadAssembly (128ms)
			ExecutionOrderSort (0ms)
			DisableScriptedObjects (5ms)
			BackupInstance (0ms)
			ReleaseScriptingObjects (0ms)
			CreateAndSetChildDomain (55ms)
		EndReloadAssembly (1928ms)
			LoadAssemblies (104ms)
			RebuildTransferFunctionScriptingTraits (0ms)
			SetupTypeCache (384ms)
			ReleaseScriptCaches (1ms)
			RebuildScriptCaches (47ms)
			SetupLoadedEditorAssemblies (1247ms)
				LogAssemblyErrors (0ms)
				InitializePlatformSupportModulesInManaged (8ms)
				SetLoadedEditorAssemblies (0ms)
				RefreshPlugins (3ms)
				BeforeProcessingInitializeOnLoad (102ms)
				ProcessInitializeOnLoadAttributes (1038ms)
				ProcessInitializeOnLoadMethodAttributes (90ms)
				AfterProcessingInitializeOnLoad (4ms)
				EditorAssembliesLoaded (0ms)
			ExecutionOrderSort2 (0ms)
			AwakeInstancesAfterBackupRestoration (6ms)
Platform modules already initialized, skipping
OnLevelWasLoaded was found on AdmobAds
This message has been deprecated and will be removed in a later version of Unity.
Add a delegate to SceneManager.sceneLoaded instead to get notifications after scene loading has completed

OnLevelWasLoaded was found on BoxController
This message has been deprecated and will be removed in a later version of Unity.
Add a delegate to SceneManager.sceneLoaded instead to get notifications after scene loading has completed

Switching build target platform(19) subTarget(0) extendedPlatform(0) -> platform(13) subTarget(537395200) extendedPlatform(0)
Refreshing native plugins compatible for Editor in 2.22 ms, found 7 plugins.
Preloading 0 native plugins for Editor in 0.00 ms.
Unloading 4623 Unused Serialized files (Serialized files now loaded: 0)
System memory in use before: 177.6 MB.
System memory in use after: 176.7 MB.

Unloading 339 unused Assets to reduce memory usage. Loaded Objects now: 5037.
Total: 29.646400 ms (FindLiveObjects: 0.548300 ms CreateObjectMapping: 0.301700 ms MarkObjects: 27.711200 ms  DeleteObjects: 1.083200 ms)

AssetImportParameters requested are different than current active one (requested -> active):
  custom:framework-win-MediaFoundation: 216162199b28c13a410421893ffa2e32 -> 
  custom:video-decoder-ogg-theora: a1e56fd34408186e4bbccfd4996cb3dc -> 
  custom:container-muxer-webm: aa71ff27fc2769a1b78a27578f13a17b -> 
  custom:container-demuxer-webm: 4f35f7cbe854078d1ac9338744f61a02 -> 
  custom:container-demuxer-ogg: 62fdf1f143b41e24485cea50d1cbac27 -> 
  custom:video-encoder-webm-vp8: eb34c28f22e8b96e1ab97ce403110664 -> 
  custom:video-decoder-webm-vp8: 9c59270c3fd7afecdb556c50c9e8de78 -> 
  custom:graphics/normal-map-encoding: 01000000000000000000000000000000 -> 02000000000000000000000000000000
  custom:audio-decoder-ogg-vorbis: bf7c407c2cedff20999df2af8eb42d56 -> 
  custom:audio-encoder-webm-vorbis: bf7c407c2cedff20999df2af8eb42d56 -> 
========================================================================
Received Prepare
Registering precompiled user dll's ...
Registered in 0.011000 seconds.
Begin MonoManager ReloadAssembly
Error: Could not load signature of Firebase.Crashlytics.Editor.iOSPostBuild:SetupGUIDForSymbolUploads due to: Could not load file or assembly 'UnityEditor.iOS.Extensions.Xcode, Version=1.0.0.0, Culture=neutral, PublicKeyToken=null' or one of its dependencies. assembly:UnityEditor.iOS.Extensions.Xcode, Version=1.0.0.0, Culture=neutral, PublicKeyToken=null type:<unknown type> member:(null) signature:<none>

Unloading broken assembly Packages/com.google.firebase.crashlytics/Firebase/Editor/Firebase.Crashlytics.Editor.dll, this assembly can cause crashes in the runtime

Native extension for Lumin target not found
Native extension for LinuxStandalone target not found
Native extension for WindowsStandalone target not found
Native extension for OSXStandalone target not found
Native extension for WebGL target not found
Refreshing native plugins compatible for Editor in 2.47 ms, found 7 plugins.
Preloading 0 native plugins for Editor in 0.00 ms.
Mono: successfully reloaded assembly
- Completed reload, in  2.060 seconds
Domain Reload Profiling:
	ReloadAssembly (2060ms)
		BeginReloadAssembly (129ms)
			ExecutionOrderSort (0ms)
			DisableScriptedObjects (6ms)
			BackupInstance (0ms)
			ReleaseScriptingObjects (0ms)
			CreateAndSetChildDomain (59ms)
		EndReloadAssembly (1868ms)
			LoadAssemblies (107ms)
			RebuildTransferFunctionScriptingTraits (0ms)
			SetupTypeCache (376ms)
			ReleaseScriptCaches (1ms)
			RebuildScriptCaches (48ms)
			SetupLoadedEditorAssemblies (1193ms)
				LogAssemblyErrors (0ms)
				InitializePlatformSupportModulesInManaged (8ms)
				SetLoadedEditorAssemblies (0ms)
				RefreshPlugins (3ms)
				BeforeProcessingInitializeOnLoad (109ms)
				ProcessInitializeOnLoadAttributes (1016ms)
				ProcessInitializeOnLoadMethodAttributes (51ms)
				AfterProcessingInitializeOnLoad (4ms)
				EditorAssembliesLoaded (0ms)
			ExecutionOrderSort2 (0ms)
			AwakeInstancesAfterBackupRestoration (7ms)
Platform modules already initialized, skipping
OnLevelWasLoaded was found on AdmobAds
This message has been deprecated and will be removed in a later version of Unity.
Add a delegate to SceneManager.sceneLoaded instead to get notifications after scene loading has completed

OnLevelWasLoaded was found on BoxController
This message has been deprecated and will be removed in a later version of Unity.
Add a delegate to SceneManager.sceneLoaded instead to get notifications after scene loading has completed

Switching build target platform(19) subTarget(0) extendedPlatform(0) -> platform(13) subTarget(537395200) extendedPlatform(0)
Refreshing native plugins compatible for Editor in 2.24 ms, found 7 plugins.
Preloading 0 native plugins for Editor in 0.00 ms.
Unloading 4623 Unused Serialized files (Serialized files now loaded: 0)
System memory in use before: 177.5 MB.
System memory in use after: 176.7 MB.

Unloading 339 unused Assets to reduce memory usage. Loaded Objects now: 5039.
Total: 29.087700 ms (FindLiveObjects: 0.452000 ms CreateObjectMapping: 0.214000 ms MarkObjects: 27.338900 ms  DeleteObjects: 1.081500 ms)

AssetImportParameters requested are different than current active one (requested -> active):
  custom:framework-win-MediaFoundation: 216162199b28c13a410421893ffa2e32 -> 
  custom:video-decoder-ogg-theora: a1e56fd34408186e4bbccfd4996cb3dc -> 
  custom:container-muxer-webm: aa71ff27fc2769a1b78a27578f13a17b -> 
  custom:container-demuxer-webm: 4f35f7cbe854078d1ac9338744f61a02 -> 
  custom:container-demuxer-ogg: 62fdf1f143b41e24485cea50d1cbac27 -> 
  custom:video-encoder-webm-vp8: eb34c28f22e8b96e1ab97ce403110664 -> 
  custom:video-decoder-webm-vp8: 9c59270c3fd7afecdb556c50c9e8de78 -> 
  custom:graphics/normal-map-encoding: 01000000000000000000000000000000 -> 02000000000000000000000000000000
  custom:audio-decoder-ogg-vorbis: bf7c407c2cedff20999df2af8eb42d56 -> 
  custom:audio-encoder-webm-vorbis: bf7c407c2cedff20999df2af8eb42d56 -> 
========================================================================
Received Prepare
Registering precompiled user dll's ...
Registered in 0.012443 seconds.
Begin MonoManager ReloadAssembly
Error: Could not load signature of Firebase.Crashlytics.Editor.iOSPostBuild:SetupGUIDForSymbolUploads due to: Could not load file or assembly 'UnityEditor.iOS.Extensions.Xcode, Version=1.0.0.0, Culture=neutral, PublicKeyToken=null' or one of its dependencies. assembly:UnityEditor.iOS.Extensions.Xcode, Version=1.0.0.0, Culture=neutral, PublicKeyToken=null type:<unknown type> member:(null) signature:<none>

Unloading broken assembly Packages/com.google.firebase.crashlytics/Firebase/Editor/Firebase.Crashlytics.Editor.dll, this assembly can cause crashes in the runtime

Native extension for Lumin target not found
Native extension for LinuxStandalone target not found
Native extension for WindowsStandalone target not found
Native extension for OSXStandalone target not found
Native extension for WebGL target not found
Refreshing native plugins compatible for Editor in 2.22 ms, found 7 plugins.
Preloading 0 native plugins for Editor in 0.00 ms.
Mono: successfully reloaded assembly
- Completed reload, in  2.099 seconds
Domain Reload Profiling:
	ReloadAssembly (2099ms)
		BeginReloadAssembly (129ms)
			ExecutionOrderSort (0ms)
			DisableScriptedObjects (5ms)
			BackupInstance (0ms)
			ReleaseScriptingObjects (0ms)
			CreateAndSetChildDomain (55ms)
		EndReloadAssembly (1916ms)
			LoadAssemblies (103ms)
			RebuildTransferFunctionScriptingTraits (0ms)
			SetupTypeCache (383ms)
			ReleaseScriptCaches (1ms)
			RebuildScriptCaches (50ms)
			SetupLoadedEditorAssemblies (1224ms)
				LogAssemblyErrors (0ms)
				InitializePlatformSupportModulesInManaged (11ms)
				SetLoadedEditorAssemblies (1ms)
				RefreshPlugins (2ms)
				BeforeProcessingInitializeOnLoad (99ms)
				ProcessInitializeOnLoadAttributes (1054ms)
				ProcessInitializeOnLoadMethodAttributes (52ms)
				AfterProcessingInitializeOnLoad (4ms)
				EditorAssembliesLoaded (1ms)
			ExecutionOrderSort2 (0ms)
			AwakeInstancesAfterBackupRestoration (13ms)
Platform modules already initialized, skipping
OnLevelWasLoaded was found on AdmobAds
This message has been deprecated and will be removed in a later version of Unity.
Add a delegate to SceneManager.sceneLoaded instead to get notifications after scene loading has completed

OnLevelWasLoaded was found on BoxController
This message has been deprecated and will be removed in a later version of Unity.
Add a delegate to SceneManager.sceneLoaded instead to get notifications after scene loading has completed

Switching build target platform(19) subTarget(0) extendedPlatform(0) -> platform(13) subTarget(537395200) extendedPlatform(0)
Refreshing native plugins compatible for Editor in 2.11 ms, found 7 plugins.
Preloading 0 native plugins for Editor in 0.00 ms.
Unloading 4623 Unused Serialized files (Serialized files now loaded: 0)
System memory in use before: 177.6 MB.
System memory in use after: 176.7 MB.

Unloading 339 unused Assets to reduce memory usage. Loaded Objects now: 5041.
Total: 28.404700 ms (FindLiveObjects: 0.452600 ms CreateObjectMapping: 0.273200 ms MarkObjects: 26.509600 ms  DeleteObjects: 1.167800 ms)

AssetImportParameters requested are different than current active one (requested -> active):
  custom:framework-win-MediaFoundation: 216162199b28c13a410421893ffa2e32 -> 
  custom:video-decoder-ogg-theora: a1e56fd34408186e4bbccfd4996cb3dc -> 
  custom:container-muxer-webm: aa71ff27fc2769a1b78a27578f13a17b -> 
  custom:container-demuxer-webm: 4f35f7cbe854078d1ac9338744f61a02 -> 
  custom:container-demuxer-ogg: 62fdf1f143b41e24485cea50d1cbac27 -> 
  custom:video-encoder-webm-vp8: eb34c28f22e8b96e1ab97ce403110664 -> 
  custom:video-decoder-webm-vp8: 9c59270c3fd7afecdb556c50c9e8de78 -> 
  custom:graphics/normal-map-encoding: 01000000000000000000000000000000 -> 02000000000000000000000000000000
  custom:audio-decoder-ogg-vorbis: bf7c407c2cedff20999df2af8eb42d56 -> 
  custom:audio-encoder-webm-vorbis: bf7c407c2cedff20999df2af8eb42d56 -> 
========================================================================
Received Prepare
Registering precompiled user dll's ...
Registered in 0.012107 seconds.
Begin MonoManager ReloadAssembly
Error: Could not load signature of Firebase.Crashlytics.Editor.iOSPostBuild:SetupGUIDForSymbolUploads due to: Could not load file or assembly 'UnityEditor.iOS.Extensions.Xcode, Version=1.0.0.0, Culture=neutral, PublicKeyToken=null' or one of its dependencies. assembly:UnityEditor.iOS.Extensions.Xcode, Version=1.0.0.0, Culture=neutral, PublicKeyToken=null type:<unknown type> member:(null) signature:<none>

Unloading broken assembly Packages/com.google.firebase.crashlytics/Firebase/Editor/Firebase.Crashlytics.Editor.dll, this assembly can cause crashes in the runtime

Native extension for Lumin target not found
Native extension for LinuxStandalone target not found
Native extension for WindowsStandalone target not found
Native extension for OSXStandalone target not found
Native extension for WebGL target not found
Refreshing native plugins compatible for Editor in 3.18 ms, found 7 plugins.
Preloading 0 native plugins for Editor in 0.00 ms.
Mono: successfully reloaded assembly
- Completed reload, in  2.389 seconds
Domain Reload Profiling:
	ReloadAssembly (2389ms)
		BeginReloadAssembly (160ms)
			ExecutionOrderSort (0ms)
			DisableScriptedObjects (5ms)
			BackupInstance (0ms)
			ReleaseScriptingObjects (0ms)
			CreateAndSetChildDomain (70ms)
		EndReloadAssembly (2168ms)
			LoadAssemblies (102ms)
			RebuildTransferFunctionScriptingTraits (0ms)
			SetupTypeCache (355ms)
			ReleaseScriptCaches (1ms)
			RebuildScriptCaches (45ms)
			SetupLoadedEditorAssemblies (1461ms)
				LogAssemblyErrors (0ms)
				InitializePlatformSupportModulesInManaged (9ms)
				SetLoadedEditorAssemblies (1ms)
				RefreshPlugins (3ms)
				BeforeProcessingInitializeOnLoad (117ms)
				ProcessInitializeOnLoadAttributes (1202ms)
				ProcessInitializeOnLoadMethodAttributes (124ms)
				AfterProcessingInitializeOnLoad (5ms)
				EditorAssembliesLoaded (0ms)
			ExecutionOrderSort2 (0ms)
			AwakeInstancesAfterBackupRestoration (12ms)
Platform modules already initialized, skipping
OnLevelWasLoaded was found on AdmobAds
This message has been deprecated and will be removed in a later version of Unity.
Add a delegate to SceneManager.sceneLoaded instead to get notifications after scene loading has completed

OnLevelWasLoaded was found on BoxController
This message has been deprecated and will be removed in a later version of Unity.
Add a delegate to SceneManager.sceneLoaded instead to get notifications after scene loading has completed

Switching build target platform(19) subTarget(0) extendedPlatform(0) -> platform(13) subTarget(537395200) extendedPlatform(0)
Refreshing native plugins compatible for Editor in 2.38 ms, found 7 plugins.
Preloading 0 native plugins for Editor in 0.00 ms.
Unloading 4623 Unused Serialized files (Serialized files now loaded: 0)
System memory in use before: 177.8 MB.
System memory in use after: 176.9 MB.

Unloading 339 unused Assets to reduce memory usage. Loaded Objects now: 5043.
Total: 32.509500 ms (FindLiveObjects: 0.550100 ms CreateObjectMapping: 0.393800 ms MarkObjects: 30.357700 ms  DeleteObjects: 1.206100 ms)

AssetImportParameters requested are different than current active one (requested -> active):
  custom:framework-win-MediaFoundation: 216162199b28c13a410421893ffa2e32 -> 
  custom:video-decoder-ogg-theora: a1e56fd34408186e4bbccfd4996cb3dc -> 
  custom:container-muxer-webm: aa71ff27fc2769a1b78a27578f13a17b -> 
  custom:container-demuxer-webm: 4f35f7cbe854078d1ac9338744f61a02 -> 
  custom:container-demuxer-ogg: 62fdf1f143b41e24485cea50d1cbac27 -> 
  custom:video-encoder-webm-vp8: eb34c28f22e8b96e1ab97ce403110664 -> 
  custom:video-decoder-webm-vp8: 9c59270c3fd7afecdb556c50c9e8de78 -> 
  custom:graphics/normal-map-encoding: 01000000000000000000000000000000 -> 02000000000000000000000000000000
  custom:audio-decoder-ogg-vorbis: bf7c407c2cedff20999df2af8eb42d56 -> 
  custom:audio-encoder-webm-vorbis: bf7c407c2cedff20999df2af8eb42d56 -> 
========================================================================
Received Prepare
Registering precompiled user dll's ...
Registered in 0.011739 seconds.
Begin MonoManager ReloadAssembly
Error: Could not load signature of Firebase.Crashlytics.Editor.iOSPostBuild:SetupGUIDForSymbolUploads due to: Could not load file or assembly 'UnityEditor.iOS.Extensions.Xcode, Version=1.0.0.0, Culture=neutral, PublicKeyToken=null' or one of its dependencies. assembly:UnityEditor.iOS.Extensions.Xcode, Version=1.0.0.0, Culture=neutral, PublicKeyToken=null type:<unknown type> member:(null) signature:<none>

Unloading broken assembly Packages/com.google.firebase.crashlytics/Firebase/Editor/Firebase.Crashlytics.Editor.dll, this assembly can cause crashes in the runtime

Native extension for Lumin target not found
Native extension for LinuxStandalone target not found
Native extension for WindowsStandalone target not found
Native extension for OSXStandalone target not found
Native extension for WebGL target not found
Refreshing native plugins compatible for Editor in 2.35 ms, found 7 plugins.
Preloading 0 native plugins for Editor in 0.00 ms.
Mono: successfully reloaded assembly
- Completed reload, in  2.108 seconds
Domain Reload Profiling:
	ReloadAssembly (2109ms)
		BeginReloadAssembly (129ms)
			ExecutionOrderSort (0ms)
			DisableScriptedObjects (5ms)
			BackupInstance (0ms)
			ReleaseScriptingObjects (0ms)
			CreateAndSetChildDomain (56ms)
		EndReloadAssembly (1924ms)
			LoadAssemblies (103ms)
			RebuildTransferFunctionScriptingTraits (0ms)
			SetupTypeCache (372ms)
			ReleaseScriptCaches (1ms)
			RebuildScriptCaches (53ms)
			SetupLoadedEditorAssemblies (1235ms)
				LogAssemblyErrors (0ms)
				InitializePlatformSupportModulesInManaged (9ms)
				SetLoadedEditorAssemblies (1ms)
				RefreshPlugins (2ms)
				BeforeProcessingInitializeOnLoad (123ms)
				ProcessInitializeOnLoadAttributes (1039ms)
				ProcessInitializeOnLoadMethodAttributes (54ms)
				AfterProcessingInitializeOnLoad (6ms)
				EditorAssembliesLoaded (1ms)
			ExecutionOrderSort2 (0ms)
			AwakeInstancesAfterBackupRestoration (7ms)
Platform modules already initialized, skipping
OnLevelWasLoaded was found on AdmobAds
This message has been deprecated and will be removed in a later version of Unity.
Add a delegate to SceneManager.sceneLoaded instead to get notifications after scene loading has completed

OnLevelWasLoaded was found on BoxController
This message has been deprecated and will be removed in a later version of Unity.
Add a delegate to SceneManager.sceneLoaded instead to get notifications after scene loading has completed

Switching build target platform(19) subTarget(0) extendedPlatform(0) -> platform(13) subTarget(537395200) extendedPlatform(0)
Refreshing native plugins compatible for Editor in 2.12 ms, found 7 plugins.
Preloading 0 native plugins for Editor in 0.00 ms.
Unloading 4623 Unused Serialized files (Serialized files now loaded: 0)
System memory in use before: 177.8 MB.
System memory in use after: 177.0 MB.

Unloading 339 unused Assets to reduce memory usage. Loaded Objects now: 5045.
Total: 30.689000 ms (FindLiveObjects: 0.465700 ms CreateObjectMapping: 0.203100 ms MarkObjects: 28.926800 ms  DeleteObjects: 1.091700 ms)

AssetImportParameters requested are different than current active one (requested -> active):
  custom:framework-win-MediaFoundation: 216162199b28c13a410421893ffa2e32 -> 
  custom:video-decoder-ogg-theora: a1e56fd34408186e4bbccfd4996cb3dc -> 
  custom:container-muxer-webm: aa71ff27fc2769a1b78a27578f13a17b -> 
  custom:container-demuxer-webm: 4f35f7cbe854078d1ac9338744f61a02 -> 
  custom:container-demuxer-ogg: 62fdf1f143b41e24485cea50d1cbac27 -> 
  custom:video-encoder-webm-vp8: eb34c28f22e8b96e1ab97ce403110664 -> 
  custom:video-decoder-webm-vp8: 9c59270c3fd7afecdb556c50c9e8de78 -> 
  custom:graphics/normal-map-encoding: 01000000000000000000000000000000 -> 02000000000000000000000000000000
  custom:audio-decoder-ogg-vorbis: bf7c407c2cedff20999df2af8eb42d56 -> 
  custom:audio-encoder-webm-vorbis: bf7c407c2cedff20999df2af8eb42d56 -> 
========================================================================
Received Prepare
Registering precompiled user dll's ...
Registered in 0.011114 seconds.
Begin MonoManager ReloadAssembly
Error: Could not load signature of Firebase.Crashlytics.Editor.iOSPostBuild:SetupGUIDForSymbolUploads due to: Could not load file or assembly 'UnityEditor.iOS.Extensions.Xcode, Version=1.0.0.0, Culture=neutral, PublicKeyToken=null' or one of its dependencies. assembly:UnityEditor.iOS.Extensions.Xcode, Version=1.0.0.0, Culture=neutral, PublicKeyToken=null type:<unknown type> member:(null) signature:<none>

Unloading broken assembly Packages/com.google.firebase.crashlytics/Firebase/Editor/Firebase.Crashlytics.Editor.dll, this assembly can cause crashes in the runtime

Native extension for Lumin target not found
Native extension for LinuxStandalone target not found
Native extension for WindowsStandalone target not found
Native extension for OSXStandalone target not found
Native extension for WebGL target not found
Refreshing native plugins compatible for Editor in 2.37 ms, found 7 plugins.
Preloading 0 native plugins for Editor in 0.00 ms.
Mono: successfully reloaded assembly
- Completed reload, in  2.053 seconds
Domain Reload Profiling:
	ReloadAssembly (2054ms)
		BeginReloadAssembly (124ms)
			ExecutionOrderSort (0ms)
			DisableScriptedObjects (5ms)
			BackupInstance (0ms)
			ReleaseScriptingObjects (0ms)
			CreateAndSetChildDomain (55ms)
		EndReloadAssembly (1873ms)
			LoadAssemblies (100ms)
			RebuildTransferFunctionScriptingTraits (0ms)
			SetupTypeCache (375ms)
			ReleaseScriptCaches (1ms)
			RebuildScriptCaches (47ms)
			SetupLoadedEditorAssemblies (1193ms)
				LogAssemblyErrors (0ms)
				InitializePlatformSupportModulesInManaged (8ms)
				SetLoadedEditorAssemblies (0ms)
				RefreshPlugins (2ms)
				BeforeProcessingInitializeOnLoad (115ms)
				ProcessInitializeOnLoadAttributes (967ms)
				ProcessInitializeOnLoadMethodAttributes (94ms)
				AfterProcessingInitializeOnLoad (4ms)
				EditorAssembliesLoaded (0ms)
			ExecutionOrderSort2 (0ms)
			AwakeInstancesAfterBackupRestoration (6ms)
Platform modules already initialized, skipping
OnLevelWasLoaded was found on AdmobAds
This message has been deprecated and will be removed in a later version of Unity.
Add a delegate to SceneManager.sceneLoaded instead to get notifications after scene loading has completed

OnLevelWasLoaded was found on BoxController
This message has been deprecated and will be removed in a later version of Unity.
Add a delegate to SceneManager.sceneLoaded instead to get notifications after scene loading has completed

Switching build target platform(19) subTarget(0) extendedPlatform(0) -> platform(13) subTarget(537395200) extendedPlatform(0)
Refreshing native plugins compatible for Editor in 2.13 ms, found 7 plugins.
Preloading 0 native plugins for Editor in 0.00 ms.
Unloading 4623 Unused Serialized files (Serialized files now loaded: 0)
System memory in use before: 177.9 MB.
System memory in use after: 177.0 MB.

Unloading 339 unused Assets to reduce memory usage. Loaded Objects now: 5047.
Total: 36.430300 ms (FindLiveObjects: 0.528900 ms CreateObjectMapping: 0.214600 ms MarkObjects: 33.980600 ms  DeleteObjects: 1.704100 ms)

AssetImportParameters requested are different than current active one (requested -> active):
  custom:framework-win-MediaFoundation: 216162199b28c13a410421893ffa2e32 -> 
  custom:video-decoder-ogg-theora: a1e56fd34408186e4bbccfd4996cb3dc -> 
  custom:container-muxer-webm: aa71ff27fc2769a1b78a27578f13a17b -> 
  custom:container-demuxer-webm: 4f35f7cbe854078d1ac9338744f61a02 -> 
  custom:container-demuxer-ogg: 62fdf1f143b41e24485cea50d1cbac27 -> 
  custom:video-encoder-webm-vp8: eb34c28f22e8b96e1ab97ce403110664 -> 
  custom:video-decoder-webm-vp8: 9c59270c3fd7afecdb556c50c9e8de78 -> 
  custom:graphics/normal-map-encoding: 01000000000000000000000000000000 -> 02000000000000000000000000000000
  custom:audio-decoder-ogg-vorbis: bf7c407c2cedff20999df2af8eb42d56 -> 
  custom:audio-encoder-webm-vorbis: bf7c407c2cedff20999df2af8eb42d56 -> 
========================================================================
Received Prepare
Registering precompiled user dll's ...
Registered in 0.011077 seconds.
Begin MonoManager ReloadAssembly
Error: Could not load signature of Firebase.Crashlytics.Editor.iOSPostBuild:SetupGUIDForSymbolUploads due to: Could not load file or assembly 'UnityEditor.iOS.Extensions.Xcode, Version=1.0.0.0, Culture=neutral, PublicKeyToken=null' or one of its dependencies. assembly:UnityEditor.iOS.Extensions.Xcode, Version=1.0.0.0, Culture=neutral, PublicKeyToken=null type:<unknown type> member:(null) signature:<none>

Unloading broken assembly Packages/com.google.firebase.crashlytics/Firebase/Editor/Firebase.Crashlytics.Editor.dll, this assembly can cause crashes in the runtime

Native extension for Lumin target not found
Native extension for LinuxStandalone target not found
Native extension for WindowsStandalone target not found
Native extension for OSXStandalone target not found
Native extension for WebGL target not found
Refreshing native plugins compatible for Editor in 2.24 ms, found 7 plugins.
Preloading 0 native plugins for Editor in 0.00 ms.
Mono: successfully reloaded assembly
- Completed reload, in  2.246 seconds
Domain Reload Profiling:
	ReloadAssembly (2247ms)
		BeginReloadAssembly (120ms)
			ExecutionOrderSort (0ms)
			DisableScriptedObjects (4ms)
			BackupInstance (0ms)
			ReleaseScriptingObjects (0ms)
			CreateAndSetChildDomain (54ms)
		EndReloadAssembly (2068ms)
			LoadAssemblies (100ms)
			RebuildTransferFunctionScriptingTraits (0ms)
			SetupTypeCache (397ms)
			ReleaseScriptCaches (1ms)
			RebuildScriptCaches (56ms)
			SetupLoadedEditorAssemblies (1326ms)
				LogAssemblyErrors (0ms)
				InitializePlatformSupportModulesInManaged (8ms)
				SetLoadedEditorAssemblies (0ms)
				RefreshPlugins (2ms)
				BeforeProcessingInitializeOnLoad (104ms)
				ProcessInitializeOnLoadAttributes (1143ms)
				ProcessInitializeOnLoadMethodAttributes (62ms)
				AfterProcessingInitializeOnLoad (4ms)
				EditorAssembliesLoaded (1ms)
			ExecutionOrderSort2 (0ms)
			AwakeInstancesAfterBackupRestoration (8ms)
Platform modules already initialized, skipping
OnLevelWasLoaded was found on AdmobAds
This message has been deprecated and will be removed in a later version of Unity.
Add a delegate to SceneManager.sceneLoaded instead to get notifications after scene loading has completed

OnLevelWasLoaded was found on BoxController
This message has been deprecated and will be removed in a later version of Unity.
Add a delegate to SceneManager.sceneLoaded instead to get notifications after scene loading has completed

Switching build target platform(19) subTarget(0) extendedPlatform(0) -> platform(13) subTarget(537395200) extendedPlatform(0)
Refreshing native plugins compatible for Editor in 2.23 ms, found 7 plugins.
Preloading 0 native plugins for Editor in 0.00 ms.
Unloading 4623 Unused Serialized files (Serialized files now loaded: 0)
System memory in use before: 177.8 MB.
System memory in use after: 177.0 MB.

Unloading 339 unused Assets to reduce memory usage. Loaded Objects now: 5049.
Total: 31.741100 ms (FindLiveObjects: 0.477700 ms CreateObjectMapping: 0.238000 ms MarkObjects: 29.820800 ms  DeleteObjects: 1.202700 ms)

AssetImportParameters requested are different than current active one (requested -> active):
  custom:framework-win-MediaFoundation: 216162199b28c13a410421893ffa2e32 -> 
  custom:video-decoder-ogg-theora: a1e56fd34408186e4bbccfd4996cb3dc -> 
  custom:container-muxer-webm: aa71ff27fc2769a1b78a27578f13a17b -> 
  custom:container-demuxer-webm: 4f35f7cbe854078d1ac9338744f61a02 -> 
  custom:container-demuxer-ogg: 62fdf1f143b41e24485cea50d1cbac27 -> 
  custom:video-encoder-webm-vp8: eb34c28f22e8b96e1ab97ce403110664 -> 
  custom:video-decoder-webm-vp8: 9c59270c3fd7afecdb556c50c9e8de78 -> 
  custom:graphics/normal-map-encoding: 01000000000000000000000000000000 -> 02000000000000000000000000000000
  custom:audio-decoder-ogg-vorbis: bf7c407c2cedff20999df2af8eb42d56 -> 
  custom:audio-encoder-webm-vorbis: bf7c407c2cedff20999df2af8eb42d56 -> 
========================================================================
Received Prepare
Registering precompiled user dll's ...
Registered in 0.015239 seconds.
Begin MonoManager ReloadAssembly
Error: Could not load signature of Firebase.Crashlytics.Editor.iOSPostBuild:SetupGUIDForSymbolUploads due to: Could not load file or assembly 'UnityEditor.iOS.Extensions.Xcode, Version=1.0.0.0, Culture=neutral, PublicKeyToken=null' or one of its dependencies. assembly:UnityEditor.iOS.Extensions.Xcode, Version=1.0.0.0, Culture=neutral, PublicKeyToken=null type:<unknown type> member:(null) signature:<none>

Unloading broken assembly Packages/com.google.firebase.crashlytics/Firebase/Editor/Firebase.Crashlytics.Editor.dll, this assembly can cause crashes in the runtime

Native extension for Lumin target not found
Native extension for LinuxStandalone target not found
Native extension for WindowsStandalone target not found
Native extension for OSXStandalone target not found
Native extension for WebGL target not found
Refreshing native plugins compatible for Editor in 2.10 ms, found 7 plugins.
Preloading 0 native plugins for Editor in 0.00 ms.
Mono: successfully reloaded assembly
- Completed reload, in  2.009 seconds
Domain Reload Profiling:
	ReloadAssembly (2009ms)
		BeginReloadAssembly (128ms)
			ExecutionOrderSort (0ms)
			DisableScriptedObjects (5ms)
			BackupInstance (0ms)
			ReleaseScriptingObjects (0ms)
			CreateAndSetChildDomain (63ms)
		EndReloadAssembly (1828ms)
			LoadAssemblies (100ms)
			RebuildTransferFunctionScriptingTraits (0ms)
			SetupTypeCache (354ms)
			ReleaseScriptCaches (1ms)
			RebuildScriptCaches (50ms)
			SetupLoadedEditorAssemblies (1143ms)
				LogAssemblyErrors (0ms)
				InitializePlatformSupportModulesInManaged (8ms)
				SetLoadedEditorAssemblies (0ms)
				RefreshPlugins (2ms)
				BeforeProcessingInitializeOnLoad (98ms)
				ProcessInitializeOnLoadAttributes (962ms)
				ProcessInitializeOnLoadMethodAttributes (66ms)
				AfterProcessingInitializeOnLoad (6ms)
				EditorAssembliesLoaded (1ms)
			ExecutionOrderSort2 (0ms)
			AwakeInstancesAfterBackupRestoration (7ms)
Platform modules already initialized, skipping
OnLevelWasLoaded was found on AdmobAds
This message has been deprecated and will be removed in a later version of Unity.
Add a delegate to SceneManager.sceneLoaded instead to get notifications after scene loading has completed

OnLevelWasLoaded was found on BoxController
This message has been deprecated and will be removed in a later version of Unity.
Add a delegate to SceneManager.sceneLoaded instead to get notifications after scene loading has completed

Switching build target platform(19) subTarget(0) extendedPlatform(0) -> platform(13) subTarget(537395200) extendedPlatform(0)
Refreshing native plugins compatible for Editor in 2.12 ms, found 7 plugins.
Preloading 0 native plugins for Editor in 0.00 ms.
Unloading 4623 Unused Serialized files (Serialized files now loaded: 0)
System memory in use before: 177.7 MB.
System memory in use after: 176.8 MB.

Unloading 339 unused Assets to reduce memory usage. Loaded Objects now: 5051.
Total: 29.290200 ms (FindLiveObjects: 0.519600 ms CreateObjectMapping: 0.282100 ms MarkObjects: 27.397800 ms  DeleteObjects: 1.089000 ms)

AssetImportParameters requested are different than current active one (requested -> active):
  custom:framework-win-MediaFoundation: 216162199b28c13a410421893ffa2e32 -> 
  custom:video-decoder-ogg-theora: a1e56fd34408186e4bbccfd4996cb3dc -> 
  custom:container-muxer-webm: aa71ff27fc2769a1b78a27578f13a17b -> 
  custom:container-demuxer-webm: 4f35f7cbe854078d1ac9338744f61a02 -> 
  custom:container-demuxer-ogg: 62fdf1f143b41e24485cea50d1cbac27 -> 
  custom:video-encoder-webm-vp8: eb34c28f22e8b96e1ab97ce403110664 -> 
  custom:video-decoder-webm-vp8: 9c59270c3fd7afecdb556c50c9e8de78 -> 
  custom:graphics/normal-map-encoding: 01000000000000000000000000000000 -> 02000000000000000000000000000000
  custom:audio-decoder-ogg-vorbis: bf7c407c2cedff20999df2af8eb42d56 -> 
  custom:audio-encoder-webm-vorbis: bf7c407c2cedff20999df2af8eb42d56 -> 
========================================================================
Received Import Request.
  Time since last request: 431.730368 seconds.
  path: Assets/Resources/UI/PanelPrizesvideo.prefab
  artifactKey: Guid(59c1b6573903e074197874e0f75bc606) Importer(815301076,1909f56bfc062723c751e8b465ee728b)
Start importing Assets/Resources/UI/PanelPrizesvideo.prefab using Guid(59c1b6573903e074197874e0f75bc606) Importer(815301076,1909f56bfc062723c751e8b465ee728b)  -> (artifact id: 'cf62b7c481500e202262cf1256bc9a7e') in 0.038641 seconds 
  Import took 0.050950 seconds .

========================================================================
Received Import Request.
  Time since last request: 0.708264 seconds.
  path: Assets/Resources/UI/PanelPrizesvideo.prefab
  artifactKey: Guid(59c1b6573903e074197874e0f75bc606) Importer(815301076,1909f56bfc062723c751e8b465ee728b)
Start importing Assets/Resources/UI/PanelPrizesvideo.prefab using Guid(59c1b6573903e074197874e0f75bc606) Importer(815301076,1909f56bfc062723c751e8b465ee728b)  -> (artifact id: 'a6d63833d91692e458125a25f34ba444') in 0.011672 seconds 
  Import took 0.024143 seconds .

========================================================================
Received Import Request.
  Time since last request: 14.164703 seconds.
  path: Assets/Resources/UI/PanelPrizesvideo.prefab
  artifactKey: Guid(59c1b6573903e074197874e0f75bc606) Importer(815301076,1909f56bfc062723c751e8b465ee728b)
Start importing Assets/Resources/UI/PanelPrizesvideo.prefab using Guid(59c1b6573903e074197874e0f75bc606) Importer(815301076,1909f56bfc062723c751e8b465ee728b)  -> (artifact id: '8677f56fb375198889dd70de11521e05') in 0.011435 seconds 
  Import took 0.042476 seconds .

========================================================================
Received Import Request.
  Time since last request: 6.004855 seconds.
  path: Assets/Resources/UI/PanelPrizesvideo.prefab
  artifactKey: Guid(59c1b6573903e074197874e0f75bc606) Importer(815301076,1909f56bfc062723c751e8b465ee728b)
Start importing Assets/Resources/UI/PanelPrizesvideo.prefab using Guid(59c1b6573903e074197874e0f75bc606) Importer(815301076,1909f56bfc062723c751e8b465ee728b)  -> (artifact id: 'c74f2fc668125c00796de01717ee97c6') in 0.011524 seconds 
  Import took 0.037332 seconds .

========================================================================
Received Import Request.
  Time since last request: 2.513083 seconds.
  path: Assets/Resources/UI/PanelPrizesvideo.prefab
  artifactKey: Guid(59c1b6573903e074197874e0f75bc606) Importer(815301076,1909f56bfc062723c751e8b465ee728b)
Start importing Assets/Resources/UI/PanelPrizesvideo.prefab using Guid(59c1b6573903e074197874e0f75bc606) Importer(815301076,1909f56bfc062723c751e8b465ee728b)  -> (artifact id: 'd16336aecc3152c17f6b576c5570d556') in 0.011117 seconds 
  Import took 0.031136 seconds .

========================================================================
Received Import Request.
  Time since last request: 2.529000 seconds.
  path: Assets/Resources/UI/PanelPrizesvideo.prefab
  artifactKey: Guid(59c1b6573903e074197874e0f75bc606) Importer(815301076,1909f56bfc062723c751e8b465ee728b)
Start importing Assets/Resources/UI/PanelPrizesvideo.prefab using Guid(59c1b6573903e074197874e0f75bc606) Importer(815301076,1909f56bfc062723c751e8b465ee728b)  -> (artifact id: '35327c12261ddb4725b2c8728c1f6f3b') in 0.012274 seconds 
  Import took 0.028474 seconds .

========================================================================
Received Import Request.
  Time since last request: 4.674628 seconds.
  path: Assets/Resources/UI/PanelPrizesvideo.prefab
  artifactKey: Guid(59c1b6573903e074197874e0f75bc606) Importer(815301076,1909f56bfc062723c751e8b465ee728b)
Start importing Assets/Resources/UI/PanelPrizesvideo.prefab using Guid(59c1b6573903e074197874e0f75bc606) Importer(815301076,1909f56bfc062723c751e8b465ee728b)  -> (artifact id: '656cea24a5dcef75436dbf128a26efd9') in 0.012307 seconds 
  Import took 0.042765 seconds .

========================================================================
Received Import Request.
  Time since last request: 0.394784 seconds.
  path: Assets/Resources/UI/PanelPrizesvideo.prefab
  artifactKey: Guid(59c1b6573903e074197874e0f75bc606) Importer(815301076,1909f56bfc062723c751e8b465ee728b)
Start importing Assets/Resources/UI/PanelPrizesvideo.prefab using Guid(59c1b6573903e074197874e0f75bc606) Importer(815301076,1909f56bfc062723c751e8b465ee728b)  -> (artifact id: 'cf144673988536482e1df54042667348') in 0.011612 seconds 
  Import took 0.029457 seconds .

========================================================================
Received Import Request.
  Time since last request: 3.896765 seconds.
  path: Assets/Resources/UI/PanelPrizesvideo.prefab
  artifactKey: Guid(59c1b6573903e074197874e0f75bc606) Importer(815301076,1909f56bfc062723c751e8b465ee728b)
Start importing Assets/Resources/UI/PanelPrizesvideo.prefab using Guid(59c1b6573903e074197874e0f75bc606) Importer(815301076,1909f56bfc062723c751e8b465ee728b)  -> (artifact id: 'a27bcc5dd4e7e0ec338ab4204b113183') in 0.012852 seconds 
  Import took 0.031278 seconds .

========================================================================
Received Import Request.
  Time since last request: 2.016601 seconds.
  path: Assets/Resources/UI/PanelPrizesvideo.prefab
  artifactKey: Guid(59c1b6573903e074197874e0f75bc606) Importer(815301076,1909f56bfc062723c751e8b465ee728b)
Start importing Assets/Resources/UI/PanelPrizesvideo.prefab using Guid(59c1b6573903e074197874e0f75bc606) Importer(815301076,1909f56bfc062723c751e8b465ee728b)  -> (artifact id: '2e8f9284aa126d98187ecffe149b88a5') in 0.011706 seconds 
  Import took 0.021759 seconds .

========================================================================
Received Import Request.
  Time since last request: 4.275803 seconds.
  path: Assets/Resources/UI/PanelPrizesvideo.prefab
  artifactKey: Guid(59c1b6573903e074197874e0f75bc606) Importer(815301076,1909f56bfc062723c751e8b465ee728b)
Start importing Assets/Resources/UI/PanelPrizesvideo.prefab using Guid(59c1b6573903e074197874e0f75bc606) Importer(815301076,1909f56bfc062723c751e8b465ee728b)  -> (artifact id: '137f7fe9b2f2433af8f2c9401a4930aa') in 0.017428 seconds 
  Import took 0.027480 seconds .

========================================================================
Received Import Request.
  Time since last request: 2.642467 seconds.
  path: Assets/Resources/UI/PanelPrizesvideo.prefab
  artifactKey: Guid(59c1b6573903e074197874e0f75bc606) Importer(815301076,1909f56bfc062723c751e8b465ee728b)
Start importing Assets/Resources/UI/PanelPrizesvideo.prefab using Guid(59c1b6573903e074197874e0f75bc606) Importer(815301076,1909f56bfc062723c751e8b465ee728b)  -> (artifact id: '2ae330aee5942fd7d801effd6be160b6') in 0.011993 seconds 
  Import took 0.037527 seconds .

========================================================================
Received Import Request.
  Time since last request: 2.830320 seconds.
  path: Assets/Resources/UI/PanelPrizesvideo.prefab
  artifactKey: Guid(59c1b6573903e074197874e0f75bc606) Importer(815301076,1909f56bfc062723c751e8b465ee728b)
Start importing Assets/Resources/UI/PanelPrizesvideo.prefab using Guid(59c1b6573903e074197874e0f75bc606) Importer(815301076,1909f56bfc062723c751e8b465ee728b)  -> (artifact id: '35f8bd49ce32cd49eb5428dadb0c9088') in 0.012654 seconds 
  Import took 0.045961 seconds .

========================================================================
Received Import Request.
  Time since last request: 3.087794 seconds.
  path: Assets/Resources/UI/PanelPrizesvideo.prefab
  artifactKey: Guid(59c1b6573903e074197874e0f75bc606) Importer(815301076,1909f56bfc062723c751e8b465ee728b)
Start importing Assets/Resources/UI/PanelPrizesvideo.prefab using Guid(59c1b6573903e074197874e0f75bc606) Importer(815301076,1909f56bfc062723c751e8b465ee728b)  -> (artifact id: '56a22eaa46ca545d91dc30117dd85763') in 0.012242 seconds 
  Import took 0.028528 seconds .

========================================================================
Received Import Request.
  Time since last request: 2.142515 seconds.
  path: Assets/Resources/UI/PanelPrizesvideo.prefab
  artifactKey: Guid(59c1b6573903e074197874e0f75bc606) Importer(815301076,1909f56bfc062723c751e8b465ee728b)
Start importing Assets/Resources/UI/PanelPrizesvideo.prefab using Guid(59c1b6573903e074197874e0f75bc606) Importer(815301076,1909f56bfc062723c751e8b465ee728b)  -> (artifact id: '70aca87220c6bbf3b6ab3536cde0e37e') in 0.011185 seconds 
  Import took 0.030490 seconds .

========================================================================
Received Import Request.
  Time since last request: 3.837777 seconds.
  path: Assets/Resources/UI/PanelPrizesvideo.prefab
  artifactKey: Guid(59c1b6573903e074197874e0f75bc606) Importer(815301076,1909f56bfc062723c751e8b465ee728b)
Start importing Assets/Resources/UI/PanelPrizesvideo.prefab using Guid(59c1b6573903e074197874e0f75bc606) Importer(815301076,1909f56bfc062723c751e8b465ee728b)  -> (artifact id: '618ce00e8df257091f757788fda6099d') in 0.011044 seconds 
  Import took 0.032687 seconds .

========================================================================
Received Import Request.
  Time since last request: 2.249124 seconds.
  path: Assets/Resources/UI/PanelPrizesvideo.prefab
  artifactKey: Guid(59c1b6573903e074197874e0f75bc606) Importer(815301076,1909f56bfc062723c751e8b465ee728b)
Start importing Assets/Resources/UI/PanelPrizesvideo.prefab using Guid(59c1b6573903e074197874e0f75bc606) Importer(815301076,1909f56bfc062723c751e8b465ee728b)  -> (artifact id: '46d0b1f073509da3d978c342151b81c8') in 0.013595 seconds 
  Import took 0.041149 seconds .

========================================================================
Received Import Request.
  Time since last request: 5.928701 seconds.
  path: Assets/Resources/UI/PanelPrizesvideo.prefab
  artifactKey: Guid(59c1b6573903e074197874e0f75bc606) Importer(815301076,1909f56bfc062723c751e8b465ee728b)
Start importing Assets/Resources/UI/PanelPrizesvideo.prefab using Guid(59c1b6573903e074197874e0f75bc606) Importer(815301076,1909f56bfc062723c751e8b465ee728b)  -> (artifact id: 'f140acd2dc7adc90cf8580da6410c7cf') in 0.011764 seconds 
  Import took 0.034220 seconds .

========================================================================
Received Import Request.
  Time since last request: 2.503361 seconds.
  path: Assets/Resources/UI/PanelPrizesvideo.prefab
  artifactKey: Guid(59c1b6573903e074197874e0f75bc606) Importer(815301076,1909f56bfc062723c751e8b465ee728b)
Start importing Assets/Resources/UI/PanelPrizesvideo.prefab using Guid(59c1b6573903e074197874e0f75bc606) Importer(815301076,1909f56bfc062723c751e8b465ee728b)  -> (artifact id: '7e9b849b4f69c6dd05efef8fe99344f6') in 0.013037 seconds 
  Import took 0.035306 seconds .

========================================================================
Received Import Request.
  Time since last request: 0.007653 seconds.
  path: Assets/Resources/UI/PanelPrizesvideo.prefab
  artifactKey: Guid(59c1b6573903e074197874e0f75bc606) Importer(815301076,1909f56bfc062723c751e8b465ee728b)
Start importing Assets/Resources/UI/PanelPrizesvideo.prefab using Guid(59c1b6573903e074197874e0f75bc606) Importer(815301076,1909f56bfc062723c751e8b465ee728b)  -> (artifact id: '7e9b849b4f69c6dd05efef8fe99344f6') in 0.010533 seconds 
  Import took 0.018860 seconds .

========================================================================
Received Import Request.
  Time since last request: 2.438980 seconds.
  path: Assets/Resources/UI/PanelPrizesvideo.prefab
  artifactKey: Guid(59c1b6573903e074197874e0f75bc606) Importer(815301076,1909f56bfc062723c751e8b465ee728b)
Start importing Assets/Resources/UI/PanelPrizesvideo.prefab using Guid(59c1b6573903e074197874e0f75bc606) Importer(815301076,1909f56bfc062723c751e8b465ee728b)  -> (artifact id: '34bf9071c553153c5f6dc05f538ae45a') in 0.011514 seconds 
  Import took 0.028026 seconds .

========================================================================
Received Import Request.
  Time since last request: 1.815090 seconds.
  path: Assets/Resources/UI/PanelPrizesvideo.prefab
  artifactKey: Guid(59c1b6573903e074197874e0f75bc606) Importer(815301076,1909f56bfc062723c751e8b465ee728b)
Start importing Assets/Resources/UI/PanelPrizesvideo.prefab using Guid(59c1b6573903e074197874e0f75bc606) Importer(815301076,1909f56bfc062723c751e8b465ee728b)  -> (artifact id: '15723fcfd9aaa006fed5a171f50c3296') in 0.013471 seconds 
  Import took 0.042266 seconds .

========================================================================
Received Import Request.
  Time since last request: 4.702261 seconds.
  path: Assets/Resources/UI/PanelPrizesvideo.prefab
  artifactKey: Guid(59c1b6573903e074197874e0f75bc606) Importer(815301076,1909f56bfc062723c751e8b465ee728b)
Start importing Assets/Resources/UI/PanelPrizesvideo.prefab using Guid(59c1b6573903e074197874e0f75bc606) Importer(815301076,1909f56bfc062723c751e8b465ee728b)  -> (artifact id: 'ea0b12b6714ed3d701b6c893ddbdb5b2') in 0.011357 seconds 
  Import took 0.042253 seconds .

========================================================================
Received Import Request.
  Time since last request: 1.925645 seconds.
  path: Assets/Resources/UI/PanelPrizesvideo.prefab
  artifactKey: Guid(59c1b6573903e074197874e0f75bc606) Importer(815301076,1909f56bfc062723c751e8b465ee728b)
Start importing Assets/Resources/UI/PanelPrizesvideo.prefab using Guid(59c1b6573903e074197874e0f75bc606) Importer(815301076,1909f56bfc062723c751e8b465ee728b)  -> (artifact id: 'cc81c19493f043473a89d2a4792b4c62') in 0.014967 seconds 
  Import took 0.038627 seconds .

========================================================================
Received Prepare
Registering precompiled user dll's ...
Registered in 0.011930 seconds.
Begin MonoManager ReloadAssembly
Error: Could not load signature of Firebase.Crashlytics.Editor.iOSPostBuild:SetupGUIDForSymbolUploads due to: Could not load file or assembly 'UnityEditor.iOS.Extensions.Xcode, Version=1.0.0.0, Culture=neutral, PublicKeyToken=null' or one of its dependencies. assembly:UnityEditor.iOS.Extensions.Xcode, Version=1.0.0.0, Culture=neutral, PublicKeyToken=null type:<unknown type> member:(null) signature:<none>

Unloading broken assembly Packages/com.google.firebase.crashlytics/Firebase/Editor/Firebase.Crashlytics.Editor.dll, this assembly can cause crashes in the runtime

Native extension for Lumin target not found
Native extension for LinuxStandalone target not found
Native extension for WindowsStandalone target not found
Native extension for OSXStandalone target not found
Native extension for WebGL target not found
Refreshing native plugins compatible for Editor in 2.15 ms, found 7 plugins.
Preloading 0 native plugins for Editor in 0.00 ms.
Mono: successfully reloaded assembly
- Completed reload, in  2.067 seconds
Domain Reload Profiling:
	ReloadAssembly (2068ms)
		BeginReloadAssembly (126ms)
			ExecutionOrderSort (0ms)
			DisableScriptedObjects (4ms)
			BackupInstance (0ms)
			ReleaseScriptingObjects (0ms)
			CreateAndSetChildDomain (53ms)
		EndReloadAssembly (1888ms)
			LoadAssemblies (98ms)
			RebuildTransferFunctionScriptingTraits (0ms)
			SetupTypeCache (380ms)
			ReleaseScriptCaches (1ms)
			RebuildScriptCaches (47ms)
			SetupLoadedEditorAssemblies (1181ms)
				LogAssemblyErrors (0ms)
				InitializePlatformSupportModulesInManaged (8ms)
				SetLoadedEditorAssemblies (0ms)
				RefreshPlugins (2ms)
				BeforeProcessingInitializeOnLoad (100ms)
				ProcessInitializeOnLoadAttributes (1012ms)
				ProcessInitializeOnLoadMethodAttributes (54ms)
				AfterProcessingInitializeOnLoad (4ms)
				EditorAssembliesLoaded (1ms)
			ExecutionOrderSort2 (0ms)
			AwakeInstancesAfterBackupRestoration (9ms)
Platform modules already initialized, skipping
OnLevelWasLoaded was found on AdmobAds
This message has been deprecated and will be removed in a later version of Unity.
Add a delegate to SceneManager.sceneLoaded instead to get notifications after scene loading has completed

OnLevelWasLoaded was found on BoxController
This message has been deprecated and will be removed in a later version of Unity.
Add a delegate to SceneManager.sceneLoaded instead to get notifications after scene loading has completed

Switching build target platform(19) subTarget(0) extendedPlatform(0) -> platform(13) subTarget(537395200) extendedPlatform(0)
Refreshing native plugins compatible for Editor in 2.51 ms, found 7 plugins.
Preloading 0 native plugins for Editor in 0.00 ms.
Unloading 4623 Unused Serialized files (Serialized files now loaded: 0)
System memory in use before: 177.7 MB.
System memory in use after: 176.8 MB.

Unloading 340 unused Assets to reduce memory usage. Loaded Objects now: 5053.
Total: 30.114100 ms (FindLiveObjects: 0.456700 ms CreateObjectMapping: 0.223400 ms MarkObjects: 28.223000 ms  DeleteObjects: 1.208600 ms)

AssetImportParameters requested are different than current active one (requested -> active):
  custom:framework-win-MediaFoundation: 216162199b28c13a410421893ffa2e32 -> 
  custom:video-decoder-ogg-theora: a1e56fd34408186e4bbccfd4996cb3dc -> 
  custom:container-muxer-webm: aa71ff27fc2769a1b78a27578f13a17b -> 
  custom:container-demuxer-webm: 4f35f7cbe854078d1ac9338744f61a02 -> 
  custom:container-demuxer-ogg: 62fdf1f143b41e24485cea50d1cbac27 -> 
  custom:video-encoder-webm-vp8: eb34c28f22e8b96e1ab97ce403110664 -> 
  custom:video-decoder-webm-vp8: 9c59270c3fd7afecdb556c50c9e8de78 -> 
  custom:graphics/normal-map-encoding: 01000000000000000000000000000000 -> 02000000000000000000000000000000
  custom:audio-decoder-ogg-vorbis: bf7c407c2cedff20999df2af8eb42d56 -> 
  custom:audio-encoder-webm-vorbis: bf7c407c2cedff20999df2af8eb42d56 -> 
AssetImportWorkerClient::OnTransportError - code=2 error=End of file
