Using pre-set license
Built from '2020.3/staging' branch; Version is '2020.3.30f1 (1fb1bf06830e) revision 2077119'; Using compiler version '192528614'; Build Type 'Release'
OS: 'Windows 11  (10.0.22000) 64bit CoreSingleLanguage' Language: 'en' Physical Memory: 7914 MB
BatchMode: 1, IsHumanControllingUs: 0, StartBugReporterOnCrash: 0, Is64bit: 1, IsPro: 0

COMMAND LINE ARGUMENTS:
C:\Program Files\Unity\Hub\Editor\2020.3.30f1\Editor\Unity.exe
-adb2
-batchMode
-noUpm
-name
AssetImportWorker4
-projectPath
G:/GPlay/conty
-logFile
Logs/AssetImportWorker4.log
-srvPort
61959
Successfully changed project path to: G:/GPlay/conty
G:/GPlay/conty
Using Asset Import Pipeline V2.
Refreshing native plugins compatible for Editor in 337.02 ms, found 7 plugins.
Preloading 0 native plugins for Editor in 0.00 ms.
Initialize engine version: 2020.3.30f1 (1fb1bf06830e)
[Subsystems] Discovering subsystems at path C:/Program Files/Unity/Hub/Editor/2020.3.30f1/Editor/Data/Resources/UnitySubsystems
[Subsystems] Discovering subsystems at path G:/GPlay/conty/Assets
GfxDevice: creating device client; threaded=0
Direct3D:
    Version:  Direct3D 11.0 [level 11.1]
    Renderer: Intel(R) Iris(R) Xe Graphics (ID=0x9a49)
    Vendor:   
    VRAM:     3957 MB
    Driver:   30.0.101.1338
Initialize mono
Mono path[0] = 'C:/Program Files/Unity/Hub/Editor/2020.3.30f1/Editor/Data/Managed'
Mono path[1] = 'C:/Program Files/Unity/Hub/Editor/2020.3.30f1/Editor/Data/MonoBleedingEdge/lib/mono/unityjit'
Mono config path = 'C:/Program Files/Unity/Hub/Editor/2020.3.30f1/Editor/Data/MonoBleedingEdge/etc'
Using monoOptions --debugger-agent=transport=dt_socket,embedding=1,server=y,suspend=n,address=127.0.0.1:56012
Begin MonoManager ReloadAssembly
Registering precompiled unity dll's ...
Register platform support module: C:/Program Files/Unity/Hub/Editor/2020.3.30f1/Editor/Data/PlaybackEngines/WindowsStandaloneSupport/UnityEditor.WindowsStandalone.Extensions.dll
Registered in 0.001244 seconds.
Native extension for WindowsStandalone target not found
Refreshing native plugins compatible for Editor in 216.43 ms, found 7 plugins.
Preloading 0 native plugins for Editor in 0.00 ms.
Mono: successfully reloaded assembly
- Completed reload, in  1.010 seconds
Domain Reload Profiling:
	ReloadAssembly (1010ms)
		BeginReloadAssembly (82ms)
			ExecutionOrderSort (0ms)
			DisableScriptedObjects (0ms)
			BackupInstance (0ms)
			ReleaseScriptingObjects (0ms)
			CreateAndSetChildDomain (1ms)
		EndReloadAssembly (819ms)
			LoadAssemblies (78ms)
			RebuildTransferFunctionScriptingTraits (0ms)
			SetupTypeCache (210ms)
			ReleaseScriptCaches (0ms)
			RebuildScriptCaches (41ms)
			SetupLoadedEditorAssemblies (411ms)
				LogAssemblyErrors (0ms)
				InitializePlatformSupportModulesInManaged (6ms)
				SetLoadedEditorAssemblies (0ms)
				RefreshPlugins (217ms)
				BeforeProcessingInitializeOnLoad (20ms)
				ProcessInitializeOnLoadAttributes (136ms)
				ProcessInitializeOnLoadMethodAttributes (33ms)
				AfterProcessingInitializeOnLoad (0ms)
				EditorAssembliesLoaded (0ms)
			ExecutionOrderSort2 (0ms)
			AwakeInstancesAfterBackupRestoration (0ms)
Platform modules already initialized, skipping
Registering precompiled user dll's ...
Registered in 0.057042 seconds.
Begin MonoManager ReloadAssembly
Error: Could not load signature of Firebase.Crashlytics.Editor.iOSPostBuild:SetupGUIDForSymbolUploads due to: Could not load file or assembly 'UnityEditor.iOS.Extensions.Xcode, Version=1.0.0.0, Culture=neutral, PublicKeyToken=null' or one of its dependencies. assembly:UnityEditor.iOS.Extensions.Xcode, Version=1.0.0.0, Culture=neutral, PublicKeyToken=null type:<unknown type> member:(null) signature:<none>
OnLevelWasLoaded was found on AdmobAds
This message has been deprecated and will be removed in a later version of Unity.
Add a delegate to SceneManager.sceneLoaded instead to get notifications after scene loading has completed
OnLevelWasLoaded was found on BoxController
This message has been deprecated and will be removed in a later version of Unity.
Add a delegate to SceneManager.sceneLoaded instead to get notifications after scene loading has completed
Unloading broken assembly Packages/com.google.firebase.crashlytics/Firebase/Editor/Firebase.Crashlytics.Editor.dll, this assembly can cause crashes in the runtime
Native extension for WindowsStandalone target not found
Refreshing native plugins compatible for Editor in 300.29 ms, found 7 plugins.
Preloading 0 native plugins for Editor in 0.00 ms.
Mono: successfully reloaded assembly
- Completed reload, in  7.728 seconds
Domain Reload Profiling:
	ReloadAssembly (7732ms)
		BeginReloadAssembly (334ms)
			ExecutionOrderSort (0ms)
			DisableScriptedObjects (10ms)
			BackupInstance (0ms)
			ReleaseScriptingObjects (0ms)
			CreateAndSetChildDomain (38ms)
		EndReloadAssembly (7257ms)
			LoadAssemblies (2897ms)
			RebuildTransferFunctionScriptingTraits (0ms)
			SetupTypeCache (856ms)
			ReleaseScriptCaches (1ms)
			RebuildScriptCaches (101ms)
			SetupLoadedEditorAssemblies (3108ms)
				LogAssemblyErrors (0ms)
				InitializePlatformSupportModulesInManaged (9ms)
				SetLoadedEditorAssemblies (1ms)
				RefreshPlugins (300ms)
				BeforeProcessingInitializeOnLoad (157ms)
				ProcessInitializeOnLoadAttributes (2149ms)
				ProcessInitializeOnLoadMethodAttributes (477ms)
				AfterProcessingInitializeOnLoad (14ms)
				EditorAssembliesLoaded (1ms)
			ExecutionOrderSort2 (0ms)
			AwakeInstancesAfterBackupRestoration (12ms)
Platform modules already initialized, skipping
========================================================================
Worker process is ready to serve import requests
Launched and connected shader compiler UnityShaderCompiler.exe after 0.07 seconds
Refreshing native plugins compatible for Editor in 7.75 ms, found 7 plugins.
Preloading 0 native plugins for Editor in 0.00 ms.
Unloading 4684 Unused Serialized files (Serialized files now loaded: 0)
System memory in use before: 185.1 MB.
System memory in use after: 184.3 MB.

Unloading 232 unused Assets to reduce memory usage. Loaded Objects now: 5019.
Total: 76.359500 ms (FindLiveObjects: 1.056800 ms CreateObjectMapping: 1.038600 ms MarkObjects: 72.354500 ms  DeleteObjects: 1.907300 ms)

AssetImportParameters requested are different than current active one (requested -> active):
  custom:framework-win-MediaFoundation: 216162199b28c13a410421893ffa2e32 -> 
  custom:video-decoder-ogg-theora: a1e56fd34408186e4bbccfd4996cb3dc -> 
  custom:container-muxer-webm: aa71ff27fc2769a1b78a27578f13a17b -> 
  custom:container-demuxer-webm: 4f35f7cbe854078d1ac9338744f61a02 -> 
  custom:container-demuxer-ogg: 62fdf1f143b41e24485cea50d1cbac27 -> 
  custom:video-encoder-webm-vp8: eb34c28f22e8b96e1ab97ce403110664 -> 
  custom:video-codec-MediaFoundation-h265: 746d11721c4dcdbdad8f713fa42b33f4 -> 
  custom:video-decoder-webm-vp8: 9c59270c3fd7afecdb556c50c9e8de78 -> 
  custom:audio-decoder-ogg-vorbis: bf7c407c2cedff20999df2af8eb42d56 -> 
  custom:audio-encoder-webm-vorbis: bf7c407c2cedff20999df2af8eb42d56 -> 
========================================================================
Received Import Request.
  path: Assets/Monster_HitRun/Scripts/BonusEndgame.cs
  artifactKey: Guid(cdda26fa4ce65fb42b18e9841acb8428) Importer(815301076,1909f56bfc062723c751e8b465ee728b)
Start importing Assets/Monster_HitRun/Scripts/BonusEndgame.cs using Guid(cdda26fa4ce65fb42b18e9841acb8428) Importer(815301076,1909f56bfc062723c751e8b465ee728b)  -> (artifact id: '70834978d91c157f95d457f2d2566380') in 0.129021 seconds 
========================================================================
Received Import Request.
  Time since last request: 0.000945 seconds.
  path: Assets/Monster_HitRun/Scripts
  artifactKey: Guid(23fa7afa6a0137f48a5948a970390641) Importer(815301076,1909f56bfc062723c751e8b465ee728b)
Start importing Assets/Monster_HitRun/Scripts using Guid(23fa7afa6a0137f48a5948a970390641) Importer(815301076,1909f56bfc062723c751e8b465ee728b)  -> (artifact id: '457cb7ecd7a354cf8b7a329f388cbce7') in 0.015654 seconds 
========================================================================
Received Import Request.
  Time since last request: 0.000535 seconds.
  path: Assets/Monster_HitRun/Scripts/Scenes
  artifactKey: Guid(1c9cc69a1ee536c4cb3a2c1330606d54) Importer(815301076,1909f56bfc062723c751e8b465ee728b)
Start importing Assets/Monster_HitRun/Scripts/Scenes using Guid(1c9cc69a1ee536c4cb3a2c1330606d54) Importer(815301076,1909f56bfc062723c751e8b465ee728b)  -> (artifact id: '650b0375753798cadedfc67631074b39') in 0.010759 seconds 
========================================================================
Received Import Request.
  Time since last request: 0.000312 seconds.
  path: Assets/Monster_HitRun/Scripts/Scenes/SampleScene.unity
  artifactKey: Guid(9fc0d4010bbf28b4594072e72b8655ab) Importer(815301076,1909f56bfc062723c751e8b465ee728b)
Start importing Assets/Monster_HitRun/Scripts/Scenes/SampleScene.unity using Guid(9fc0d4010bbf28b4594072e72b8655ab) Importer(815301076,1909f56bfc062723c751e8b465ee728b)  -> (artifact id: 'a1169a233312caecfe2103aee705da79') in 0.065019 seconds 
========================================================================
Received Prepare
Registering precompiled user dll's ...
Registered in 0.051434 seconds.
Begin MonoManager ReloadAssembly
Error: Could not load signature of Firebase.Crashlytics.Editor.iOSPostBuild:SetupGUIDForSymbolUploads due to: Could not load file or assembly 'UnityEditor.iOS.Extensions.Xcode, Version=1.0.0.0, Culture=neutral, PublicKeyToken=null' or one of its dependencies. assembly:UnityEditor.iOS.Extensions.Xcode, Version=1.0.0.0, Culture=neutral, PublicKeyToken=null type:<unknown type> member:(null) signature:<none>
Unloading broken assembly Packages/com.google.firebase.crashlytics/Firebase/Editor/Firebase.Crashlytics.Editor.dll, this assembly can cause crashes in the runtime
Native extension for WindowsStandalone target not found
Refreshing native plugins compatible for Editor in 4.71 ms, found 7 plugins.
Preloading 0 native plugins for Editor in 0.00 ms.
Mono: successfully reloaded assembly
- Completed reload, in  4.637 seconds
Domain Reload Profiling:
	ReloadAssembly (4645ms)
		BeginReloadAssembly (680ms)
			ExecutionOrderSort (0ms)
			DisableScriptedObjects (157ms)
			BackupInstance (0ms)
			ReleaseScriptingObjects (1ms)
			CreateAndSetChildDomain (295ms)
		EndReloadAssembly (3830ms)
			LoadAssemblies (345ms)
			RebuildTransferFunctionScriptingTraits (0ms)
			SetupTypeCache (840ms)
			ReleaseScriptCaches (3ms)
			RebuildScriptCaches (87ms)
			SetupLoadedEditorAssemblies (2241ms)
				LogAssemblyErrors (0ms)
				InitializePlatformSupportModulesInManaged (13ms)
				SetLoadedEditorAssemblies (2ms)
				RefreshPlugins (5ms)
				BeforeProcessingInitializeOnLoad (168ms)
				ProcessInitializeOnLoadAttributes (1803ms)
				ProcessInitializeOnLoadMethodAttributes (236ms)
				AfterProcessingInitializeOnLoad (11ms)
				EditorAssembliesLoaded (3ms)
			ExecutionOrderSort2 (0ms)
			AwakeInstancesAfterBackupRestoration (100ms)
Platform modules already initialized, skipping
OnLevelWasLoaded was found on AdmobAds
This message has been deprecated and will be removed in a later version of Unity.
Add a delegate to SceneManager.sceneLoaded instead to get notifications after scene loading has completed
OnLevelWasLoaded was found on BoxController
This message has been deprecated and will be removed in a later version of Unity.
Add a delegate to SceneManager.sceneLoaded instead to get notifications after scene loading has completed
Switching build target platform(19) subTarget(0) extendedPlatform(0) -> platform(13) subTarget(537395200) extendedPlatform(0)
Refreshing native plugins compatible for Editor in 2.68 ms, found 7 plugins.
Preloading 0 native plugins for Editor in 0.00 ms.
Unloading 4613 Unused Serialized files (Serialized files now loaded: 0)
System memory in use before: 179.1 MB.
System memory in use after: 178.3 MB.

Unloading 339 unused Assets to reduce memory usage. Loaded Objects now: 5023.
Total: 39.998200 ms (FindLiveObjects: 0.577500 ms CreateObjectMapping: 0.276200 ms MarkObjects: 36.194600 ms  DeleteObjects: 2.946700 ms)

AssetImportParameters requested are different than current active one (requested -> active):
  custom:framework-win-MediaFoundation: 216162199b28c13a410421893ffa2e32 -> 
  custom:video-decoder-ogg-theora: a1e56fd34408186e4bbccfd4996cb3dc -> 
  custom:container-muxer-webm: aa71ff27fc2769a1b78a27578f13a17b -> 
  custom:container-demuxer-webm: 4f35f7cbe854078d1ac9338744f61a02 -> 
  custom:container-demuxer-ogg: 62fdf1f143b41e24485cea50d1cbac27 -> 
  custom:video-encoder-webm-vp8: eb34c28f22e8b96e1ab97ce403110664 -> 
  custom:video-codec-MediaFoundation-h265: 746d11721c4dcdbdad8f713fa42b33f4 -> 
  custom:video-decoder-webm-vp8: 9c59270c3fd7afecdb556c50c9e8de78 -> 
  custom:graphics/normal-map-encoding: 01000000000000000000000000000000 -> 02000000000000000000000000000000
  custom:audio-decoder-ogg-vorbis: bf7c407c2cedff20999df2af8eb42d56 -> 
  custom:audio-encoder-webm-vorbis: bf7c407c2cedff20999df2af8eb42d56 -> 
========================================================================
Received Prepare
Registering precompiled user dll's ...
Registered in 0.067205 seconds.
Begin MonoManager ReloadAssembly
Error: Could not load signature of Firebase.Crashlytics.Editor.iOSPostBuild:SetupGUIDForSymbolUploads due to: Could not load file or assembly 'UnityEditor.iOS.Extensions.Xcode, Version=1.0.0.0, Culture=neutral, PublicKeyToken=null' or one of its dependencies. assembly:UnityEditor.iOS.Extensions.Xcode, Version=1.0.0.0, Culture=neutral, PublicKeyToken=null type:<unknown type> member:(null) signature:<none>
Unloading broken assembly Packages/com.google.firebase.crashlytics/Firebase/Editor/Firebase.Crashlytics.Editor.dll, this assembly can cause crashes in the runtime
Native extension for WindowsStandalone target not found
Refreshing native plugins compatible for Editor in 4.10 ms, found 7 plugins.
Preloading 0 native plugins for Editor in 0.00 ms.
Mono: successfully reloaded assembly
- Completed reload, in  4.955 seconds
Domain Reload Profiling:
	ReloadAssembly (4957ms)
		BeginReloadAssembly (318ms)
			ExecutionOrderSort (0ms)
			DisableScriptedObjects (12ms)
			BackupInstance (0ms)
			ReleaseScriptingObjects (0ms)
			CreateAndSetChildDomain (131ms)
		EndReloadAssembly (4480ms)
			LoadAssemblies (342ms)
			RebuildTransferFunctionScriptingTraits (0ms)
			SetupTypeCache (815ms)
			ReleaseScriptCaches (2ms)
			RebuildScriptCaches (83ms)
			SetupLoadedEditorAssemblies (2932ms)
				LogAssemblyErrors (0ms)
				InitializePlatformSupportModulesInManaged (10ms)
				SetLoadedEditorAssemblies (1ms)
				RefreshPlugins (4ms)
				BeforeProcessingInitializeOnLoad (242ms)
				ProcessInitializeOnLoadAttributes (2440ms)
				ProcessInitializeOnLoadMethodAttributes (223ms)
				AfterProcessingInitializeOnLoad (10ms)
				EditorAssembliesLoaded (2ms)
			ExecutionOrderSort2 (0ms)
			AwakeInstancesAfterBackupRestoration (57ms)
Platform modules already initialized, skipping
OnLevelWasLoaded was found on AdmobAds
This message has been deprecated and will be removed in a later version of Unity.
Add a delegate to SceneManager.sceneLoaded instead to get notifications after scene loading has completed
OnLevelWasLoaded was found on BoxController
This message has been deprecated and will be removed in a later version of Unity.
Add a delegate to SceneManager.sceneLoaded instead to get notifications after scene loading has completed
Switching build target platform(19) subTarget(0) extendedPlatform(0) -> platform(13) subTarget(537395200) extendedPlatform(0)
Refreshing native plugins compatible for Editor in 6.07 ms, found 7 plugins.
Preloading 0 native plugins for Editor in 0.00 ms.
Unloading 4613 Unused Serialized files (Serialized files now loaded: 0)
System memory in use before: 179.2 MB.
System memory in use after: 178.4 MB.

Unloading 339 unused Assets to reduce memory usage. Loaded Objects now: 5025.
Total: 143.529100 ms (FindLiveObjects: 0.688600 ms CreateObjectMapping: 0.354200 ms MarkObjects: 140.070400 ms  DeleteObjects: 2.411400 ms)

AssetImportParameters requested are different than current active one (requested -> active):
  custom:framework-win-MediaFoundation: 216162199b28c13a410421893ffa2e32 -> 
  custom:video-decoder-ogg-theora: a1e56fd34408186e4bbccfd4996cb3dc -> 
  custom:container-muxer-webm: aa71ff27fc2769a1b78a27578f13a17b -> 
  custom:container-demuxer-webm: 4f35f7cbe854078d1ac9338744f61a02 -> 
  custom:container-demuxer-ogg: 62fdf1f143b41e24485cea50d1cbac27 -> 
  custom:video-encoder-webm-vp8: eb34c28f22e8b96e1ab97ce403110664 -> 
  custom:video-codec-MediaFoundation-h265: 746d11721c4dcdbdad8f713fa42b33f4 -> 
  custom:video-decoder-webm-vp8: 9c59270c3fd7afecdb556c50c9e8de78 -> 
  custom:graphics/normal-map-encoding: 01000000000000000000000000000000 -> 02000000000000000000000000000000
  custom:audio-decoder-ogg-vorbis: bf7c407c2cedff20999df2af8eb42d56 -> 
  custom:audio-encoder-webm-vorbis: bf7c407c2cedff20999df2af8eb42d56 -> 
========================================================================
Received Import Request.
  Time since last request: 5577.292355 seconds.
  path: Assets/Monster_HitRun/New Folder
  artifactKey: Guid(9b0cb0d7af996a24e91bfb0d87aa871f) Importer(815301076,1909f56bfc062723c751e8b465ee728b)
Start importing Assets/Monster_HitRun/New Folder using Guid(9b0cb0d7af996a24e91bfb0d87aa871f) Importer(815301076,1909f56bfc062723c751e8b465ee728b)  -> (artifact id: '83013223a23645b6d34b33057404abe7') in 0.472369 seconds 
========================================================================
Received Import Request.
  Time since last request: 6.182428 seconds.
  path: Assets/Monster_HitRun/Build
  artifactKey: Guid(9b0cb0d7af996a24e91bfb0d87aa871f) Importer(815301076,1909f56bfc062723c751e8b465ee728b)
Start importing Assets/Monster_HitRun/Build using Guid(9b0cb0d7af996a24e91bfb0d87aa871f) Importer(815301076,1909f56bfc062723c751e8b465ee728b)  -> (artifact id: '09148518f4d139762d55f58383bd1c6a') in 0.016404 seconds 
========================================================================
Received Import Request.
  Time since last request: 246.660501 seconds.
  path: Assets/Monster_HitRun/Build/Map texture
  artifactKey: Guid(5b26227af6c9b734c91bca95cf1316a6) Importer(815301076,1909f56bfc062723c751e8b465ee728b)
Start importing Assets/Monster_HitRun/Build/Map texture using Guid(5b26227af6c9b734c91bca95cf1316a6) Importer(815301076,1909f56bfc062723c751e8b465ee728b)  -> (artifact id: 'ac2a6794b5cb2ceeb916305ae82eaa00') in 0.016636 seconds 
========================================================================
Received Import Request.
  Time since last request: 0.534449 seconds.
  path: Assets/Monster_HitRun/Build/Map texture/barrie
  artifactKey: Guid(45bb3ef1595e13840835cd2e03e826a1) Importer(815301076,1909f56bfc062723c751e8b465ee728b)
Start importing Assets/Monster_HitRun/Build/Map texture/barrie using Guid(45bb3ef1595e13840835cd2e03e826a1) Importer(815301076,1909f56bfc062723c751e8b465ee728b)  -> (artifact id: '1e6afe8e08fce84b416d874b23ff1583') in 0.011280 seconds 
========================================================================
Received Import Request.
  Time since last request: 2.263591 seconds.
  path: Assets/Monster_HitRun/Build/Map texture/barrie/road_barrel_BaseColor.1001.png
  artifactKey: Guid(16451ddd4396015428c2dcb9ee93b553) Importer(815301076,1909f56bfc062723c751e8b465ee728b)
Start importing Assets/Monster_HitRun/Build/Map texture/barrie/road_barrel_BaseColor.1001.png using Guid(16451ddd4396015428c2dcb9ee93b553) Importer(815301076,1909f56bfc062723c751e8b465ee728b)  -> (artifact id: '6344845fb00f99d79cb1b7e8dc7c0203') in 1.130537 seconds 
========================================================================
Received Import Request.
  Time since last request: 0.525089 seconds.
  path: Assets/Monster_HitRun/Build/Map texture/barrie/road_barrel_Metallic.1001.png
  artifactKey: Guid(582ae54538bd9bd4aa499cfe86f9b0c9) Importer(815301076,1909f56bfc062723c751e8b465ee728b)
Start importing Assets/Monster_HitRun/Build/Map texture/barrie/road_barrel_Metallic.1001.png using Guid(582ae54538bd9bd4aa499cfe86f9b0c9) Importer(815301076,1909f56bfc062723c751e8b465ee728b)  -> (artifact id: 'b66b1f12434dcc6522c0851b76d90eec') in 0.077697 seconds 
========================================================================
Received Import Request.
  Time since last request: 92.552460 seconds.
  path: Assets/Monster_HitRun/prefabs/road1.prefab
  artifactKey: Guid(c5636a74ceef3c848a72958b70e30790) Importer(815301076,1909f56bfc062723c751e8b465ee728b)
Start importing Assets/Monster_HitRun/prefabs/road1.prefab using Guid(c5636a74ceef3c848a72958b70e30790) Importer(815301076,1909f56bfc062723c751e8b465ee728b)  -> (artifact id: '2f201267d86cf694cb294ad765b4b434') in 0.596315 seconds 
========================================================================
Received Import Request.
  Time since last request: 8.848757 seconds.
  path: Assets/Monster_HitRun/Build/Map texture/straight/red
  artifactKey: Guid(6d0304ca4dfae794d8397f705d9a0b20) Importer(815301076,1909f56bfc062723c751e8b465ee728b)
Start importing Assets/Monster_HitRun/Build/Map texture/straight/red using Guid(6d0304ca4dfae794d8397f705d9a0b20) Importer(815301076,1909f56bfc062723c751e8b465ee728b)  -> (artifact id: '9bfd570acb5a6808387e08cfcd729883') in 0.015154 seconds 
========================================================================
Received Import Request.
  Time since last request: 1.347250 seconds.
  path: Assets/Monster_HitRun/Build/Map texture/straight/red/road_straight_BaseColor.1001.png
  artifactKey: Guid(09de4eeebcaa4a049bf8bf3f33b97485) Importer(815301076,1909f56bfc062723c751e8b465ee728b)
Start importing Assets/Monster_HitRun/Build/Map texture/straight/red/road_straight_BaseColor.1001.png using Guid(09de4eeebcaa4a049bf8bf3f33b97485) Importer(815301076,1909f56bfc062723c751e8b465ee728b)  -> (artifact id: '0252fe22a8a09b83c6eacaf381322bba') in 0.107206 seconds 
========================================================================
Received Import Request.
  Time since last request: 11.382967 seconds.
  path: Assets/Monster_HitRun/Build/Map texture/straight/red/road_straight_Height.1001.png
  artifactKey: Guid(11386775302e2ec4c9b79a6b49b6827c) Importer(815301076,1909f56bfc062723c751e8b465ee728b)
Start importing Assets/Monster_HitRun/Build/Map texture/straight/red/road_straight_Height.1001.png using Guid(11386775302e2ec4c9b79a6b49b6827c) Importer(815301076,1909f56bfc062723c751e8b465ee728b)  -> (artifact id: '3a113ca366d581c133d1953ce8da7425') in 0.082691 seconds 
========================================================================
Received Import Request.
  Time since last request: 3.694501 seconds.
  path: Assets/Monster_HitRun/Build/Map texture/straight/red/road_straight_Roughness.1001.png
  artifactKey: Guid(09e6de3e7d3125944bd888f45efa3296) Importer(815301076,1909f56bfc062723c751e8b465ee728b)
Start importing Assets/Monster_HitRun/Build/Map texture/straight/red/road_straight_Roughness.1001.png using Guid(09e6de3e7d3125944bd888f45efa3296) Importer(815301076,1909f56bfc062723c751e8b465ee728b)  -> (artifact id: 'e8a7d741d6defbcd69431098a8f5eb48') in 0.101334 seconds 
========================================================================
Received Import Request.
  Time since last request: 29.697924 seconds.
  path: Assets/Monster_HitRun/Build/Map texture/straight/red/Materials
  artifactKey: Guid(62b3e11c4781d6f4fb0f897bee1a7672) Importer(815301076,1909f56bfc062723c751e8b465ee728b)
Start importing Assets/Monster_HitRun/Build/Map texture/straight/red/Materials using Guid(62b3e11c4781d6f4fb0f897bee1a7672) Importer(815301076,1909f56bfc062723c751e8b465ee728b)  -> (artifact id: '61bea8bda83384920321eee22ea87842') in 0.011573 seconds 
========================================================================
Received Import Request.
  Time since last request: 10.211501 seconds.
  path: Assets/Monster_HitRun/prefabs
  artifactKey: Guid(7f246faa466d1874e919de56a9e3ab18) Importer(815301076,1909f56bfc062723c751e8b465ee728b)
Start importing Assets/Monster_HitRun/prefabs using Guid(7f246faa466d1874e919de56a9e3ab18) Importer(815301076,1909f56bfc062723c751e8b465ee728b)  -> (artifact id: 'bacec0f24f0020fe867084373cbdeb79') in 0.016168 seconds 
========================================================================
Received Import Request.
  Time since last request: 3.222894 seconds.
  path: Assets/Monster_HitRun/prefabs/road2.prefab
  artifactKey: Guid(634d5702af1e0904b9ceee670d746b44) Importer(815301076,1909f56bfc062723c751e8b465ee728b)
Start importing Assets/Monster_HitRun/prefabs/road2.prefab using Guid(634d5702af1e0904b9ceee670d746b44) Importer(815301076,1909f56bfc062723c751e8b465ee728b)  -> (artifact id: '58545d8b568ebc4869bf1b457854edd5') in 0.079480 seconds 
========================================================================
Received Import Request.
  Time since last request: 7.569370 seconds.
  path: Assets/Monster_HitRun/Build/Map texture/x road/blue
  artifactKey: Guid(b55f694949751f24d8365afc841f9e94) Importer(815301076,1909f56bfc062723c751e8b465ee728b)
Start importing Assets/Monster_HitRun/Build/Map texture/x road/blue using Guid(b55f694949751f24d8365afc841f9e94) Importer(815301076,1909f56bfc062723c751e8b465ee728b)  -> (artifact id: 'b937ff64d928f6748e1bbd905a6359b0') in 0.012447 seconds 
========================================================================
Received Import Request.
  Time since last request: 1.757095 seconds.
  path: Assets/Monster_HitRun/Build/Map texture/x road/blue/road_x_road_BaseColor.1001.png
  artifactKey: Guid(e8c989f2d21752547b5c6a8e2063aa4d) Importer(815301076,1909f56bfc062723c751e8b465ee728b)
Start importing Assets/Monster_HitRun/Build/Map texture/x road/blue/road_x_road_BaseColor.1001.png using Guid(e8c989f2d21752547b5c6a8e2063aa4d) Importer(815301076,1909f56bfc062723c751e8b465ee728b)  -> (artifact id: '62618c02a3c1aeae8723a1ff009c3c26') in 0.086746 seconds 
========================================================================
Received Import Request.
  Time since last request: 0.702063 seconds.
  path: Assets/Monster_HitRun/Build/Map texture/x road/blue/road_x_road_Metallic.1001.png
  artifactKey: Guid(fb88ba719ec31a848bb7b717b5faa894) Importer(815301076,1909f56bfc062723c751e8b465ee728b)
Start importing Assets/Monster_HitRun/Build/Map texture/x road/blue/road_x_road_Metallic.1001.png using Guid(fb88ba719ec31a848bb7b717b5faa894) Importer(815301076,1909f56bfc062723c751e8b465ee728b)  -> (artifact id: '1338ec0db73c8aeb9c0345e932656382') in 0.065830 seconds 
========================================================================
Received Import Request.
  Time since last request: 50.267020 seconds.
  path: Assets/Monster_HitRun/prefabs/wall_left(Clone).prefab
  artifactKey: Guid(6eedae3743c5805498ece2fd92c6ba9f) Importer(815301076,1909f56bfc062723c751e8b465ee728b)
Start importing Assets/Monster_HitRun/prefabs/wall_left(Clone).prefab using Guid(6eedae3743c5805498ece2fd92c6ba9f) Importer(815301076,1909f56bfc062723c751e8b465ee728b)  -> (artifact id: '959291b5e785d45f003ca2f47e0aa9cc') in 0.288958 seconds 
========================================================================
Received Import Request.
  Time since last request: 32.855812 seconds.
  path: Assets/Monster_HitRun/Build/Map texture/road-fixed.fbx
  artifactKey: Guid(ec816ebbe78f8774ebc9ba22f463e82d) Importer(815301076,1909f56bfc062723c751e8b465ee728b)
Start importing Assets/Monster_HitRun/Build/Map texture/road-fixed.fbx using Guid(ec816ebbe78f8774ebc9ba22f463e82d) Importer(815301076,1909f56bfc062723c751e8b465ee728b)  -> (artifact id: 'cad6aa2d3abf8788380ef0bc875fef02') in 0.736966 seconds 
========================================================================
Received Import Request.
  Time since last request: 77.501750 seconds.
  path: Assets/Monster_HitRun/Build/Map texture/x road
  artifactKey: Guid(918f70321d4bbd947ab10269ccdebf76) Importer(815301076,1909f56bfc062723c751e8b465ee728b)
Start importing Assets/Monster_HitRun/Build/Map texture/x road using Guid(918f70321d4bbd947ab10269ccdebf76) Importer(815301076,1909f56bfc062723c751e8b465ee728b)  -> (artifact id: '7eaa12327dd40a1eec8cd917e372f5e3') in 0.015096 seconds 
========================================================================
Received Import Request.
  Time since last request: 12.728636 seconds.
  path: Assets/Monster_HitRun/Build/Map texture/curve
  artifactKey: Guid(580fcc75d8b8b144781d21fa57fe17d4) Importer(815301076,1909f56bfc062723c751e8b465ee728b)
Start importing Assets/Monster_HitRun/Build/Map texture/curve using Guid(580fcc75d8b8b144781d21fa57fe17d4) Importer(815301076,1909f56bfc062723c751e8b465ee728b)  -> (artifact id: 'db2b30d4b2f6622f5d846819e7465cbd') in 0.011934 seconds 
========================================================================
Received Import Request.
  Time since last request: 0.977787 seconds.
  path: Assets/Monster_HitRun/Build/Map texture/curve/blue
  artifactKey: Guid(5ba3ee5642e6b8e4eb6f18fac7e09fc3) Importer(815301076,1909f56bfc062723c751e8b465ee728b)
Start importing Assets/Monster_HitRun/Build/Map texture/curve/blue using Guid(5ba3ee5642e6b8e4eb6f18fac7e09fc3) Importer(815301076,1909f56bfc062723c751e8b465ee728b)  -> (artifact id: '519a4e848c643e57e5f1d203a52d8014') in 0.004457 seconds 
========================================================================
Received Import Request.
  Time since last request: 1.607886 seconds.
  path: Assets/Monster_HitRun/Build/Map texture/curve/blue/road_curve_BaseColor.1001.png
  artifactKey: Guid(d2cf14db844630c47a8cc1d075a0287b) Importer(815301076,1909f56bfc062723c751e8b465ee728b)
Start importing Assets/Monster_HitRun/Build/Map texture/curve/blue/road_curve_BaseColor.1001.png using Guid(d2cf14db844630c47a8cc1d075a0287b) Importer(815301076,1909f56bfc062723c751e8b465ee728b)  -> (artifact id: '01a1c7bd6b48255e438ed909696c628e') in 0.099875 seconds 
========================================================================
Received Import Request.
  Time since last request: 1.496696 seconds.
  path: Assets/Monster_HitRun/Build/Map texture/curve/blue/road_curve_Roughness.1001.png
  artifactKey: Guid(25c1a983e9c42b549bf1aa18ac2cf5a5) Importer(815301076,1909f56bfc062723c751e8b465ee728b)
Start importing Assets/Monster_HitRun/Build/Map texture/curve/blue/road_curve_Roughness.1001.png using Guid(25c1a983e9c42b549bf1aa18ac2cf5a5) Importer(815301076,1909f56bfc062723c751e8b465ee728b)  -> (artifact id: '92f830c87c2c029de0e2db213fb071d6') in 0.077647 seconds 
========================================================================
Received Import Request.
  Time since last request: 27.082889 seconds.
  path: Assets/Monster_HitRun/Build/Map texture/curve/blue/Materials
  artifactKey: Guid(5613842129f409e4a85202bc75f0990c) Importer(815301076,1909f56bfc062723c751e8b465ee728b)
Start importing Assets/Monster_HitRun/Build/Map texture/curve/blue/Materials using Guid(5613842129f409e4a85202bc75f0990c) Importer(815301076,1909f56bfc062723c751e8b465ee728b)  -> (artifact id: '6d204c1d98d887249f32f8b386cb256c') in 0.003308 seconds 
========================================================================
Received Import Request.
  Time since last request: 95.651622 seconds.
  path: Assets/Monster_HitRun/Build/Map texture/straight
  artifactKey: Guid(8d30f6600bc6a744586b2b8f8f62c978) Importer(815301076,1909f56bfc062723c751e8b465ee728b)
Start importing Assets/Monster_HitRun/Build/Map texture/straight using Guid(8d30f6600bc6a744586b2b8f8f62c978) Importer(815301076,1909f56bfc062723c751e8b465ee728b)  -> (artifact id: '110bd6d8768819743a3eb5d7a102b5b7') in 0.009532 seconds 
========================================================================
Received Import Request.
  Time since last request: 53.470333 seconds.
  path: Assets/Monster_HitRun/Build/Map texture/straight/blue
  artifactKey: Guid(77be1bfef37d53f47beaae2360c16a69) Importer(815301076,1909f56bfc062723c751e8b465ee728b)
Start importing Assets/Monster_HitRun/Build/Map texture/straight/blue using Guid(77be1bfef37d53f47beaae2360c16a69) Importer(815301076,1909f56bfc062723c751e8b465ee728b)  -> (artifact id: 'fa7d0501bdd9870542d7b8d47d0483ce') in 0.004259 seconds 
========================================================================
Received Import Request.
  Time since last request: 1.222923 seconds.
  path: Assets/Monster_HitRun/Build/Map texture/straight/blue/road_straight_BaseColor.1001.png
  artifactKey: Guid(9cf8f2b41a029944eb0909be1c33959b) Importer(815301076,1909f56bfc062723c751e8b465ee728b)
Start importing Assets/Monster_HitRun/Build/Map texture/straight/blue/road_straight_BaseColor.1001.png using Guid(9cf8f2b41a029944eb0909be1c33959b) Importer(815301076,1909f56bfc062723c751e8b465ee728b)  -> (artifact id: '85a562c241e1f7bc219ea0a3f4d989a6') in 0.101202 seconds 
========================================================================
Received Import Request.
  Time since last request: 452.271877 seconds.
  path: Assets/Monster_HitRun/Build/Map texture/curve/red
  artifactKey: Guid(206c60301f7e3a84b8522de0dd846326) Importer(815301076,1909f56bfc062723c751e8b465ee728b)
Start importing Assets/Monster_HitRun/Build/Map texture/curve/red using Guid(206c60301f7e3a84b8522de0dd846326) Importer(815301076,1909f56bfc062723c751e8b465ee728b)  -> (artifact id: '3b2ef9799424a37eece5ecc12b8e0f1a') in 0.006416 seconds 
========================================================================
Received Import Request.
  Time since last request: 14.567263 seconds.
  path: Assets/Monster_HitRun/Build/Map texture/x road/red
  artifactKey: Guid(93535d932062c5e4d8ad9652db4dffd2) Importer(815301076,1909f56bfc062723c751e8b465ee728b)
Start importing Assets/Monster_HitRun/Build/Map texture/x road/red using Guid(93535d932062c5e4d8ad9652db4dffd2) Importer(815301076,1909f56bfc062723c751e8b465ee728b)  -> (artifact id: '28ddfc2eb9efd8ec34424157c43c23f3') in 0.006230 seconds 
========================================================================
Received Import Request.
  Time since last request: 26.785656 seconds.
  path: Assets/Monster_HitRun/Build/Map texture/x road/red/road_x_road_BaseColor.1001.png
  artifactKey: Guid(8e54f7f14ae5a0545a43c1e279f2defa) Importer(815301076,1909f56bfc062723c751e8b465ee728b)
Start importing Assets/Monster_HitRun/Build/Map texture/x road/red/road_x_road_BaseColor.1001.png using Guid(8e54f7f14ae5a0545a43c1e279f2defa) Importer(815301076,1909f56bfc062723c751e8b465ee728b)  -> (artifact id: '63f3585727e45e1eaf66271e480ff00d') in 0.101553 seconds 
========================================================================
Received Import Request.
  Time since last request: 0.588549 seconds.
  path: Assets/Monster_HitRun/Build/Map texture/x road/red/road_x_road_Normal.1001.png
  artifactKey: Guid(3d0769bdacce72f478863d78ea870563) Importer(815301076,1909f56bfc062723c751e8b465ee728b)
Start importing Assets/Monster_HitRun/Build/Map texture/x road/red/road_x_road_Normal.1001.png using Guid(3d0769bdacce72f478863d78ea870563) Importer(815301076,1909f56bfc062723c751e8b465ee728b)  -> (artifact id: '5ac38735af34e4fc992bca938f6015e1') in 0.062328 seconds 
========================================================================
Received Import Request.
  Time since last request: 35.970559 seconds.
  path: Assets/Monster_HitRun/Build/Map texture/x road/red/Materials
  artifactKey: Guid(03d5d7ade46dc2843b49b1cbe3a85a0a) Importer(815301076,1909f56bfc062723c751e8b465ee728b)
Start importing Assets/Monster_HitRun/Build/Map texture/x road/red/Materials using Guid(03d5d7ade46dc2843b49b1cbe3a85a0a) Importer(815301076,1909f56bfc062723c751e8b465ee728b)  -> (artifact id: 'cdb4db322a8a64b0aba88c223a18a535') in 0.014468 seconds 
========================================================================
Received Import Request.
  Time since last request: 15.897142 seconds.
  path: Assets/Monster_HitRun/Build/Map texture/x road/white
  artifactKey: Guid(83627bed03879904dadc8bb8f51edec5) Importer(815301076,1909f56bfc062723c751e8b465ee728b)
Start importing Assets/Monster_HitRun/Build/Map texture/x road/white using Guid(83627bed03879904dadc8bb8f51edec5) Importer(815301076,1909f56bfc062723c751e8b465ee728b)  -> (artifact id: 'f443cdc180a9a38a9a1803bf5be44827') in 0.014626 seconds 
========================================================================
Received Import Request.
  Time since last request: 0.936909 seconds.
  path: Assets/Monster_HitRun/Build/Map texture/x road/white/road_x_road_BaseColor.1001.png
  artifactKey: Guid(1b64b6b2917a5bf43994ef6f06e81151) Importer(815301076,1909f56bfc062723c751e8b465ee728b)
Start importing Assets/Monster_HitRun/Build/Map texture/x road/white/road_x_road_BaseColor.1001.png using Guid(1b64b6b2917a5bf43994ef6f06e81151) Importer(815301076,1909f56bfc062723c751e8b465ee728b)  -> (artifact id: 'd595f12fe5e716175ff1780118b82b00') in 0.094770 seconds 
========================================================================
Received Import Request.
  Time since last request: 1.302735 seconds.
  path: Assets/Monster_HitRun/Build/Map texture/x road/white/road_x_road_Roughness.1001.png
  artifactKey: Guid(72c9728384d0cb840b29310391a09d4f) Importer(815301076,1909f56bfc062723c751e8b465ee728b)
Start importing Assets/Monster_HitRun/Build/Map texture/x road/white/road_x_road_Roughness.1001.png using Guid(72c9728384d0cb840b29310391a09d4f) Importer(815301076,1909f56bfc062723c751e8b465ee728b)  -> (artifact id: '04394591a12de7e8558be94018c8a7a5') in 0.066745 seconds 
========================================================================
Received Import Request.
  Time since last request: 29.654104 seconds.
  path: Assets/Monster_HitRun/Build/Map texture/x road/white/Materials
  artifactKey: Guid(4d1e640fa730acd429d2302dc6802ce8) Importer(815301076,1909f56bfc062723c751e8b465ee728b)
Start importing Assets/Monster_HitRun/Build/Map texture/x road/white/Materials using Guid(4d1e640fa730acd429d2302dc6802ce8) Importer(815301076,1909f56bfc062723c751e8b465ee728b)  -> (artifact id: '08031aa96ffde80302369d90c6e9c011') in 0.004165 seconds 
========================================================================
Received Import Request.
  Time since last request: 19.819955 seconds.
  path: Assets/Monster_HitRun/Build/Map texture/barrie/Materials
  artifactKey: Guid(91ab7945b836a8941b9971d73d245e12) Importer(815301076,1909f56bfc062723c751e8b465ee728b)
Start importing Assets/Monster_HitRun/Build/Map texture/barrie/Materials using Guid(91ab7945b836a8941b9971d73d245e12) Importer(815301076,1909f56bfc062723c751e8b465ee728b)  -> (artifact id: '5a8a7fa43a30f37db23ae595daa50830') in 0.002872 seconds 
========================================================================
Received Import Request.
  Time since last request: 27.442988 seconds.
  path: Assets/Monster_HitRun/Build/Map texture/straight/blue/road_straight_Normal.1001.png
  artifactKey: Guid(e0bb0e7faac99864ebfd85ec01b46cac) Importer(815301076,1909f56bfc062723c751e8b465ee728b)
Start importing Assets/Monster_HitRun/Build/Map texture/straight/blue/road_straight_Normal.1001.png using Guid(e0bb0e7faac99864ebfd85ec01b46cac) Importer(815301076,1909f56bfc062723c751e8b465ee728b)  -> (artifact id: 'e4b921f069296dce30db255b59e93242') in 0.075663 seconds 
========================================================================
Received Import Request.
  Time since last request: 16.516593 seconds.
  path: Assets/Monster_HitRun/Build/Map texture/straight/white
  artifactKey: Guid(ba2913e2b39bed94899ad3045d130309) Importer(815301076,1909f56bfc062723c751e8b465ee728b)
Start importing Assets/Monster_HitRun/Build/Map texture/straight/white using Guid(ba2913e2b39bed94899ad3045d130309) Importer(815301076,1909f56bfc062723c751e8b465ee728b)  -> (artifact id: '15b595e52dd3da546691c2b18e13bc6b') in 0.003606 seconds 
========================================================================
Received Import Request.
  Time since last request: 34.164635 seconds.
  path: Assets/Monster_HitRun/prefabs/road1.prefab
  artifactKey: Guid(c5636a74ceef3c848a72958b70e30790) Importer(815301076,1909f56bfc062723c751e8b465ee728b)
Start importing Assets/Monster_HitRun/prefabs/road1.prefab using Guid(c5636a74ceef3c848a72958b70e30790) Importer(815301076,1909f56bfc062723c751e8b465ee728b)  -> (artifact id: '5efc044f18157a507ae902be5fbea3fb') in 0.100891 seconds 
========================================================================
Received Import Request.
  Time since last request: 19.960545 seconds.
  path: Assets/Monster_HitRun/Build/Map texture/straight/blue/Materials
  artifactKey: Guid(a8263019a6867ff4688fb23d6f2d91f0) Importer(815301076,1909f56bfc062723c751e8b465ee728b)
Start importing Assets/Monster_HitRun/Build/Map texture/straight/blue/Materials using Guid(a8263019a6867ff4688fb23d6f2d91f0) Importer(815301076,1909f56bfc062723c751e8b465ee728b)  -> (artifact id: '2e900ea3158094b6816c928f31228428') in 0.004819 seconds 
========================================================================
Received Import Request.
  Time since last request: 20.863678 seconds.
  path: Assets/Monster_HitRun/Build/Map texture/straight/white/road_straight_BaseColor.1001.png
  artifactKey: Guid(7a12bdca4785043479215f2c9eea089d) Importer(815301076,1909f56bfc062723c751e8b465ee728b)
Start importing Assets/Monster_HitRun/Build/Map texture/straight/white/road_straight_BaseColor.1001.png using Guid(7a12bdca4785043479215f2c9eea089d) Importer(815301076,1909f56bfc062723c751e8b465ee728b)  -> (artifact id: 'a594b8b919306b995322ac538aa41d85') in 0.098133 seconds 
========================================================================
Received Import Request.
  Time since last request: 0.542805 seconds.
  path: Assets/Monster_HitRun/Build/Map texture/straight/white/road_straight_Roughness.1001.png
  artifactKey: Guid(c64e57ac4d080be4bbd488dc13c694ce) Importer(815301076,1909f56bfc062723c751e8b465ee728b)
Start importing Assets/Monster_HitRun/Build/Map texture/straight/white/road_straight_Roughness.1001.png using Guid(c64e57ac4d080be4bbd488dc13c694ce) Importer(815301076,1909f56bfc062723c751e8b465ee728b)  -> (artifact id: '1bd1dbcd8f91c9e79d5a45fb99dc1e46') in 0.061928 seconds 
========================================================================
Received Import Request.
  Time since last request: 19.413886 seconds.
  path: Assets/Monster_HitRun/Build/Map texture/straight/white/Materials
  artifactKey: Guid(a6daff919a32acc4bace02f5cb8455b1) Importer(815301076,1909f56bfc062723c751e8b465ee728b)
Start importing Assets/Monster_HitRun/Build/Map texture/straight/white/Materials using Guid(a6daff919a32acc4bace02f5cb8455b1) Importer(815301076,1909f56bfc062723c751e8b465ee728b)  -> (artifact id: '50b7793b06342d7f79ec5d615319e2e8') in 0.004200 seconds 
========================================================================
Received Import Request.
  Time since last request: 79.934721 seconds.
  path: Assets/Monster_HitRun/prefabs/wall_left(Clone).prefab
  artifactKey: Guid(6eedae3743c5805498ece2fd92c6ba9f) Importer(815301076,1909f56bfc062723c751e8b465ee728b)
Start importing Assets/Monster_HitRun/prefabs/wall_left(Clone).prefab using Guid(6eedae3743c5805498ece2fd92c6ba9f) Importer(815301076,1909f56bfc062723c751e8b465ee728b)  -> (artifact id: '57308007a8f7505e6bf0e1dc94f17deb') in 0.166887 seconds 
========================================================================
Received Import Request.
  Time since last request: 16.790278 seconds.
  path: Assets/Monster_HitRun/prefabs/RoadPart_02 (1).prefab
  artifactKey: Guid(b6341d6f05e63f84c87963563b767d41) Importer(815301076,1909f56bfc062723c751e8b465ee728b)
Start importing Assets/Monster_HitRun/prefabs/RoadPart_02 (1).prefab using Guid(b6341d6f05e63f84c87963563b767d41) Importer(815301076,1909f56bfc062723c751e8b465ee728b)  -> (artifact id: '54e479613432be8b50acf2770d338f66') in 0.144207 seconds 
========================================================================
Received Prepare
Registering precompiled user dll's ...
Registered in 0.040984 seconds.
Begin MonoManager ReloadAssembly
Error: Could not load signature of Firebase.Crashlytics.Editor.iOSPostBuild:SetupGUIDForSymbolUploads due to: Could not load file or assembly 'UnityEditor.iOS.Extensions.Xcode, Version=1.0.0.0, Culture=neutral, PublicKeyToken=null' or one of its dependencies. assembly:UnityEditor.iOS.Extensions.Xcode, Version=1.0.0.0, Culture=neutral, PublicKeyToken=null type:<unknown type> member:(null) signature:<none>
Unloading broken assembly Packages/com.google.firebase.crashlytics/Firebase/Editor/Firebase.Crashlytics.Editor.dll, this assembly can cause crashes in the runtime
Native extension for WindowsStandalone target not found
Refreshing native plugins compatible for Editor in 4.57 ms, found 7 plugins.
Preloading 0 native plugins for Editor in 0.00 ms.
Mono: successfully reloaded assembly
- Completed reload, in  4.282 seconds
Domain Reload Profiling:
	ReloadAssembly (4310ms)
		BeginReloadAssembly (1451ms)
			ExecutionOrderSort (0ms)
			DisableScriptedObjects (201ms)
			BackupInstance (0ms)
			ReleaseScriptingObjects (1ms)
			CreateAndSetChildDomain (1073ms)
		EndReloadAssembly (2731ms)
			LoadAssemblies (185ms)
			RebuildTransferFunctionScriptingTraits (1ms)
			SetupTypeCache (617ms)
			ReleaseScriptCaches (3ms)
			RebuildScriptCaches (62ms)
			SetupLoadedEditorAssemblies (1672ms)
				LogAssemblyErrors (0ms)
				InitializePlatformSupportModulesInManaged (10ms)
				SetLoadedEditorAssemblies (2ms)
				RefreshPlugins (5ms)
				BeforeProcessingInitializeOnLoad (138ms)
				ProcessInitializeOnLoadAttributes (1409ms)
				ProcessInitializeOnLoadMethodAttributes (104ms)
				AfterProcessingInitializeOnLoad (4ms)
				EditorAssembliesLoaded (1ms)
			ExecutionOrderSort2 (0ms)
			AwakeInstancesAfterBackupRestoration (7ms)
Platform modules already initialized, skipping
OnLevelWasLoaded was found on AdmobAds
This message has been deprecated and will be removed in a later version of Unity.
Add a delegate to SceneManager.sceneLoaded instead to get notifications after scene loading has completed
OnLevelWasLoaded was found on BoxController
This message has been deprecated and will be removed in a later version of Unity.
Add a delegate to SceneManager.sceneLoaded instead to get notifications after scene loading has completed
Switching build target platform(19) subTarget(0) extendedPlatform(0) -> platform(13) subTarget(537395200) extendedPlatform(0)
Refreshing native plugins compatible for Editor in 3.66 ms, found 7 plugins.
Preloading 0 native plugins for Editor in 0.00 ms.
Unloading 4613 Unused Serialized files (Serialized files now loaded: 0)
System memory in use before: 183.1 MB.
System memory in use after: 182.2 MB.

Unloading 340 unused Assets to reduce memory usage. Loaded Objects now: 5072.
Total: 43.178400 ms (FindLiveObjects: 0.468600 ms CreateObjectMapping: 0.474800 ms MarkObjects: 40.780900 ms  DeleteObjects: 1.332900 ms)

AssetImportParameters requested are different than current active one (requested -> active):
  custom:framework-win-MediaFoundation: 216162199b28c13a410421893ffa2e32 -> 
  custom:video-decoder-ogg-theora: a1e56fd34408186e4bbccfd4996cb3dc -> 
  custom:container-muxer-webm: aa71ff27fc2769a1b78a27578f13a17b -> 
  custom:container-demuxer-webm: 4f35f7cbe854078d1ac9338744f61a02 -> 
  custom:container-demuxer-ogg: 62fdf1f143b41e24485cea50d1cbac27 -> 
  custom:video-encoder-webm-vp8: eb34c28f22e8b96e1ab97ce403110664 -> 
  custom:video-codec-MediaFoundation-h265: 746d11721c4dcdbdad8f713fa42b33f4 -> 
  custom:video-decoder-webm-vp8: 9c59270c3fd7afecdb556c50c9e8de78 -> 
  custom:graphics/normal-map-encoding: 01000000000000000000000000000000 -> 02000000000000000000000000000000
  custom:audio-decoder-ogg-vorbis: bf7c407c2cedff20999df2af8eb42d56 -> 
  custom:audio-encoder-webm-vorbis: bf7c407c2cedff20999df2af8eb42d56 -> 
========================================================================
Received Import Request.
  Time since last request: 303.874926 seconds.
  path: Assets/Monster_HitRun/prefabs/wall_left(Clone).prefab
  artifactKey: Guid(6eedae3743c5805498ece2fd92c6ba9f) Importer(815301076,1909f56bfc062723c751e8b465ee728b)
Start importing Assets/Monster_HitRun/prefabs/wall_left(Clone).prefab using Guid(6eedae3743c5805498ece2fd92c6ba9f) Importer(815301076,1909f56bfc062723c751e8b465ee728b)  -> (artifact id: '8f332da9a58d85bce3e529720090608f') in 0.227920 seconds 
========================================================================
Received Import Request.
  Time since last request: 99.403977 seconds.
  path: Assets/Monster_HitRun/prefabs/Tracks.prefab
  artifactKey: Guid(8357ad3dfd4ae4344a4c93b5362e1ee7) Importer(815301076,1909f56bfc062723c751e8b465ee728b)
Start importing Assets/Monster_HitRun/prefabs/Tracks.prefab using Guid(8357ad3dfd4ae4344a4c93b5362e1ee7) Importer(815301076,1909f56bfc062723c751e8b465ee728b)  -> (artifact id: 'f298db496bf7ec6dbd381f9e422e1455') in 0.050877 seconds 
========================================================================
Received Import Request.
  Time since last request: 2.422962 seconds.
  path: Assets/Monster_HitRun/prefabs/TrackParts.prefab
  artifactKey: Guid(8436678226abf51468f10ebb47dd08de) Importer(815301076,1909f56bfc062723c751e8b465ee728b)
Start importing Assets/Monster_HitRun/prefabs/TrackParts.prefab using Guid(8436678226abf51468f10ebb47dd08de) Importer(815301076,1909f56bfc062723c751e8b465ee728b)  -> (artifact id: 'f9f99c66e0bc988cb6e5719e86f4838d') in 0.041678 seconds 
========================================================================
Received Prepare
Registering precompiled user dll's ...
Registered in 0.030041 seconds.
Begin MonoManager ReloadAssembly
Error: Could not load signature of Firebase.Crashlytics.Editor.iOSPostBuild:SetupGUIDForSymbolUploads due to: Could not load file or assembly 'UnityEditor.iOS.Extensions.Xcode, Version=1.0.0.0, Culture=neutral, PublicKeyToken=null' or one of its dependencies. assembly:UnityEditor.iOS.Extensions.Xcode, Version=1.0.0.0, Culture=neutral, PublicKeyToken=null type:<unknown type> member:(null) signature:<none>
Unloading broken assembly Packages/com.google.firebase.crashlytics/Firebase/Editor/Firebase.Crashlytics.Editor.dll, this assembly can cause crashes in the runtime
Native extension for WindowsStandalone target not found
Refreshing native plugins compatible for Editor in 2.86 ms, found 7 plugins.
Preloading 0 native plugins for Editor in 0.00 ms.
Mono: successfully reloaded assembly
- Completed reload, in  2.373 seconds
Domain Reload Profiling:
	ReloadAssembly (2374ms)
		BeginReloadAssembly (165ms)
			ExecutionOrderSort (0ms)
			DisableScriptedObjects (9ms)
			BackupInstance (0ms)
			ReleaseScriptingObjects (0ms)
			CreateAndSetChildDomain (69ms)
		EndReloadAssembly (2146ms)
			LoadAssemblies (146ms)
			RebuildTransferFunctionScriptingTraits (0ms)
			SetupTypeCache (426ms)
			ReleaseScriptCaches (2ms)
			RebuildScriptCaches (43ms)
			SetupLoadedEditorAssemblies (1410ms)
				LogAssemblyErrors (0ms)
				InitializePlatformSupportModulesInManaged (6ms)
				SetLoadedEditorAssemblies (1ms)
				RefreshPlugins (3ms)
				BeforeProcessingInitializeOnLoad (99ms)
				ProcessInitializeOnLoadAttributes (1147ms)
				ProcessInitializeOnLoadMethodAttributes (145ms)
				AfterProcessingInitializeOnLoad (8ms)
				EditorAssembliesLoaded (1ms)
			ExecutionOrderSort2 (0ms)
			AwakeInstancesAfterBackupRestoration (20ms)
Platform modules already initialized, skipping
OnLevelWasLoaded was found on AdmobAds
This message has been deprecated and will be removed in a later version of Unity.
Add a delegate to SceneManager.sceneLoaded instead to get notifications after scene loading has completed
OnLevelWasLoaded was found on BoxController
This message has been deprecated and will be removed in a later version of Unity.
Add a delegate to SceneManager.sceneLoaded instead to get notifications after scene loading has completed
Switching build target platform(19) subTarget(0) extendedPlatform(0) -> platform(13) subTarget(537395200) extendedPlatform(0)
Refreshing native plugins compatible for Editor in 5.84 ms, found 7 plugins.
Preloading 0 native plugins for Editor in 0.00 ms.
Unloading 4613 Unused Serialized files (Serialized files now loaded: 0)
System memory in use before: 183.1 MB.
System memory in use after: 182.2 MB.

Unloading 339 unused Assets to reduce memory usage. Loaded Objects now: 5075.
Total: 72.428700 ms (FindLiveObjects: 0.845400 ms CreateObjectMapping: 0.509600 ms MarkObjects: 67.733100 ms  DeleteObjects: 3.336500 ms)

AssetImportParameters requested are different than current active one (requested -> active):
  custom:framework-win-MediaFoundation: 216162199b28c13a410421893ffa2e32 -> 
  custom:video-decoder-ogg-theora: a1e56fd34408186e4bbccfd4996cb3dc -> 
  custom:container-muxer-webm: aa71ff27fc2769a1b78a27578f13a17b -> 
  custom:container-demuxer-webm: 4f35f7cbe854078d1ac9338744f61a02 -> 
  custom:container-demuxer-ogg: 62fdf1f143b41e24485cea50d1cbac27 -> 
  custom:video-encoder-webm-vp8: eb34c28f22e8b96e1ab97ce403110664 -> 
  custom:video-codec-MediaFoundation-h265: 746d11721c4dcdbdad8f713fa42b33f4 -> 
  custom:video-decoder-webm-vp8: 9c59270c3fd7afecdb556c50c9e8de78 -> 
  custom:graphics/normal-map-encoding: 01000000000000000000000000000000 -> 02000000000000000000000000000000
  custom:audio-decoder-ogg-vorbis: bf7c407c2cedff20999df2af8eb42d56 -> 
  custom:audio-encoder-webm-vorbis: bf7c407c2cedff20999df2af8eb42d56 -> 
========================================================================
Received Import Request.
  Time since last request: 72.475930 seconds.
  path: Assets/Monster_HitRun/prefabs/wall_left(Clone).prefab
  artifactKey: Guid(6eedae3743c5805498ece2fd92c6ba9f) Importer(815301076,1909f56bfc062723c751e8b465ee728b)
Start importing Assets/Monster_HitRun/prefabs/wall_left(Clone).prefab using Guid(6eedae3743c5805498ece2fd92c6ba9f) Importer(815301076,1909f56bfc062723c751e8b465ee728b)  -> (artifact id: '8b0743140c7c1055d0072a6ebb286897') in 0.180556 seconds 
========================================================================
Received Import Request.
  Time since last request: 177.171661 seconds.
  path: Assets/Monster_HitRun/prefabs/wall_left(Clone).prefab
  artifactKey: Guid(6eedae3743c5805498ece2fd92c6ba9f) Importer(815301076,1909f56bfc062723c751e8b465ee728b)
Start importing Assets/Monster_HitRun/prefabs/wall_left(Clone).prefab using Guid(6eedae3743c5805498ece2fd92c6ba9f) Importer(815301076,1909f56bfc062723c751e8b465ee728b)  -> (artifact id: 'b97c5a592c74c209e04e648d5d4fa27f') in 0.112195 seconds 
========================================================================
Received Prepare
Registering precompiled user dll's ...
Registered in 0.011784 seconds.
Begin MonoManager ReloadAssembly
Error: Could not load signature of Firebase.Crashlytics.Editor.iOSPostBuild:SetupGUIDForSymbolUploads due to: Could not load file or assembly 'UnityEditor.iOS.Extensions.Xcode, Version=1.0.0.0, Culture=neutral, PublicKeyToken=null' or one of its dependencies. assembly:UnityEditor.iOS.Extensions.Xcode, Version=1.0.0.0, Culture=neutral, PublicKeyToken=null type:<unknown type> member:(null) signature:<none>
Unloading broken assembly Packages/com.google.firebase.crashlytics/Firebase/Editor/Firebase.Crashlytics.Editor.dll, this assembly can cause crashes in the runtime
Native extension for WindowsStandalone target not found
Refreshing native plugins compatible for Editor in 2.88 ms, found 7 plugins.
Preloading 0 native plugins for Editor in 0.00 ms.
Mono: successfully reloaded assembly
- Completed reload, in  2.449 seconds
Domain Reload Profiling:
	ReloadAssembly (2450ms)
		BeginReloadAssembly (150ms)
			ExecutionOrderSort (0ms)
			DisableScriptedObjects (6ms)
			BackupInstance (0ms)
			ReleaseScriptingObjects (0ms)
			CreateAndSetChildDomain (72ms)
		EndReloadAssembly (2246ms)
			LoadAssemblies (133ms)
			RebuildTransferFunctionScriptingTraits (0ms)
			SetupTypeCache (420ms)
			ReleaseScriptCaches (2ms)
			RebuildScriptCaches (59ms)
			SetupLoadedEditorAssemblies (1445ms)
				LogAssemblyErrors (0ms)
				InitializePlatformSupportModulesInManaged (5ms)
				SetLoadedEditorAssemblies (1ms)
				RefreshPlugins (3ms)
				BeforeProcessingInitializeOnLoad (92ms)
				ProcessInitializeOnLoadAttributes (1214ms)
				ProcessInitializeOnLoadMethodAttributes (125ms)
				AfterProcessingInitializeOnLoad (4ms)
				EditorAssembliesLoaded (1ms)
			ExecutionOrderSort2 (0ms)
			AwakeInstancesAfterBackupRestoration (14ms)
Platform modules already initialized, skipping
OnLevelWasLoaded was found on AdmobAds
This message has been deprecated and will be removed in a later version of Unity.
Add a delegate to SceneManager.sceneLoaded instead to get notifications after scene loading has completed
OnLevelWasLoaded was found on BoxController
This message has been deprecated and will be removed in a later version of Unity.
Add a delegate to SceneManager.sceneLoaded instead to get notifications after scene loading has completed
Switching build target platform(19) subTarget(0) extendedPlatform(0) -> platform(13) subTarget(537395200) extendedPlatform(0)
Refreshing native plugins compatible for Editor in 3.30 ms, found 7 plugins.
Preloading 0 native plugins for Editor in 0.00 ms.
Unloading 4613 Unused Serialized files (Serialized files now loaded: 0)
System memory in use before: 183.0 MB.
System memory in use after: 182.0 MB.

Unloading 339 unused Assets to reduce memory usage. Loaded Objects now: 5078.
Total: 41.550600 ms (FindLiveObjects: 0.513200 ms CreateObjectMapping: 0.289300 ms MarkObjects: 39.011400 ms  DeleteObjects: 1.733800 ms)

AssetImportParameters requested are different than current active one (requested -> active):
  custom:framework-win-MediaFoundation: 216162199b28c13a410421893ffa2e32 -> 
  custom:video-decoder-ogg-theora: a1e56fd34408186e4bbccfd4996cb3dc -> 
  custom:container-muxer-webm: aa71ff27fc2769a1b78a27578f13a17b -> 
  custom:container-demuxer-webm: 4f35f7cbe854078d1ac9338744f61a02 -> 
  custom:container-demuxer-ogg: 62fdf1f143b41e24485cea50d1cbac27 -> 
  custom:video-encoder-webm-vp8: eb34c28f22e8b96e1ab97ce403110664 -> 
  custom:video-codec-MediaFoundation-h265: 746d11721c4dcdbdad8f713fa42b33f4 -> 
  custom:video-decoder-webm-vp8: 9c59270c3fd7afecdb556c50c9e8de78 -> 
  custom:graphics/normal-map-encoding: 01000000000000000000000000000000 -> 02000000000000000000000000000000
  custom:audio-decoder-ogg-vorbis: bf7c407c2cedff20999df2af8eb42d56 -> 
  custom:audio-encoder-webm-vorbis: bf7c407c2cedff20999df2af8eb42d56 -> 
========================================================================
Received Import Request.
  Time since last request: 176.209947 seconds.
  path: Assets/Monster_HitRun/prefabs/wall_left(Clone).prefab
  artifactKey: Guid(6eedae3743c5805498ece2fd92c6ba9f) Importer(815301076,1909f56bfc062723c751e8b465ee728b)
Start importing Assets/Monster_HitRun/prefabs/wall_left(Clone).prefab using Guid(6eedae3743c5805498ece2fd92c6ba9f) Importer(815301076,1909f56bfc062723c751e8b465ee728b)  -> (artifact id: 'ad40a4234f60876e0a590a6d21000f3a') in 0.232403 seconds 
========================================================================
Received Import Request.
  Time since last request: 233.517112 seconds.
  path: Assets/Monster_HitRun/prefabs/wall_left(Clone).prefab
  artifactKey: Guid(6eedae3743c5805498ece2fd92c6ba9f) Importer(815301076,1909f56bfc062723c751e8b465ee728b)
Start importing Assets/Monster_HitRun/prefabs/wall_left(Clone).prefab using Guid(6eedae3743c5805498ece2fd92c6ba9f) Importer(815301076,1909f56bfc062723c751e8b465ee728b)  -> (artifact id: '0ca3f9b6a00d6a1107b91d233d807e40') in 0.167679 seconds 
========================================================================
Received Prepare
Registering precompiled user dll's ...
Registered in 0.032309 seconds.
Begin MonoManager ReloadAssembly
Error: Could not load signature of Firebase.Crashlytics.Editor.iOSPostBuild:SetupGUIDForSymbolUploads due to: Could not load file or assembly 'UnityEditor.iOS.Extensions.Xcode, Version=1.0.0.0, Culture=neutral, PublicKeyToken=null' or one of its dependencies. assembly:UnityEditor.iOS.Extensions.Xcode, Version=1.0.0.0, Culture=neutral, PublicKeyToken=null type:<unknown type> member:(null) signature:<none>
Unloading broken assembly Packages/com.google.firebase.crashlytics/Firebase/Editor/Firebase.Crashlytics.Editor.dll, this assembly can cause crashes in the runtime
Native extension for WindowsStandalone target not found
Refreshing native plugins compatible for Editor in 3.28 ms, found 7 plugins.
Preloading 0 native plugins for Editor in 0.00 ms.
Mono: successfully reloaded assembly
- Completed reload, in  3.190 seconds
Domain Reload Profiling:
	ReloadAssembly (3192ms)
		BeginReloadAssembly (428ms)
			ExecutionOrderSort (0ms)
			DisableScriptedObjects (27ms)
			BackupInstance (0ms)
			ReleaseScriptingObjects (0ms)
			CreateAndSetChildDomain (249ms)
		EndReloadAssembly (2684ms)
			LoadAssemblies (165ms)
			RebuildTransferFunctionScriptingTraits (0ms)
			SetupTypeCache (580ms)
			ReleaseScriptCaches (5ms)
			RebuildScriptCaches (72ms)
			SetupLoadedEditorAssemblies (1714ms)
				LogAssemblyErrors (0ms)
				InitializePlatformSupportModulesInManaged (5ms)
				SetLoadedEditorAssemblies (1ms)
				RefreshPlugins (3ms)
				BeforeProcessingInitializeOnLoad (145ms)
				ProcessInitializeOnLoadAttributes (1432ms)
				ProcessInitializeOnLoadMethodAttributes (122ms)
				AfterProcessingInitializeOnLoad (4ms)
				EditorAssembliesLoaded (1ms)
			ExecutionOrderSort2 (0ms)
			AwakeInstancesAfterBackupRestoration (5ms)
Platform modules already initialized, skipping
OnLevelWasLoaded was found on AdmobAds
This message has been deprecated and will be removed in a later version of Unity.
Add a delegate to SceneManager.sceneLoaded instead to get notifications after scene loading has completed
OnLevelWasLoaded was found on BoxController
This message has been deprecated and will be removed in a later version of Unity.
Add a delegate to SceneManager.sceneLoaded instead to get notifications after scene loading has completed
Switching build target platform(19) subTarget(0) extendedPlatform(0) -> platform(13) subTarget(537395200) extendedPlatform(0)
Refreshing native plugins compatible for Editor in 4.82 ms, found 7 plugins.
Preloading 0 native plugins for Editor in 0.00 ms.
Unloading 4613 Unused Serialized files (Serialized files now loaded: 0)
System memory in use before: 183.0 MB.
System memory in use after: 182.1 MB.

Unloading 339 unused Assets to reduce memory usage. Loaded Objects now: 5081.
Total: 43.407300 ms (FindLiveObjects: 0.868600 ms CreateObjectMapping: 0.298900 ms MarkObjects: 40.798400 ms  DeleteObjects: 1.438400 ms)

AssetImportParameters requested are different than current active one (requested -> active):
  custom:framework-win-MediaFoundation: 216162199b28c13a410421893ffa2e32 -> 
  custom:video-decoder-ogg-theora: a1e56fd34408186e4bbccfd4996cb3dc -> 
  custom:container-muxer-webm: aa71ff27fc2769a1b78a27578f13a17b -> 
  custom:container-demuxer-webm: 4f35f7cbe854078d1ac9338744f61a02 -> 
  custom:container-demuxer-ogg: 62fdf1f143b41e24485cea50d1cbac27 -> 
  custom:video-encoder-webm-vp8: eb34c28f22e8b96e1ab97ce403110664 -> 
  custom:video-codec-MediaFoundation-h265: 746d11721c4dcdbdad8f713fa42b33f4 -> 
  custom:video-decoder-webm-vp8: 9c59270c3fd7afecdb556c50c9e8de78 -> 
  custom:graphics/normal-map-encoding: 01000000000000000000000000000000 -> 02000000000000000000000000000000
  custom:audio-decoder-ogg-vorbis: bf7c407c2cedff20999df2af8eb42d56 -> 
  custom:audio-encoder-webm-vorbis: bf7c407c2cedff20999df2af8eb42d56 -> 
========================================================================
Received Prepare
Registering precompiled user dll's ...
Registered in 0.035554 seconds.
Begin MonoManager ReloadAssembly
Error: Could not load signature of Firebase.Crashlytics.Editor.iOSPostBuild:SetupGUIDForSymbolUploads due to: Could not load file or assembly 'UnityEditor.iOS.Extensions.Xcode, Version=1.0.0.0, Culture=neutral, PublicKeyToken=null' or one of its dependencies. assembly:UnityEditor.iOS.Extensions.Xcode, Version=1.0.0.0, Culture=neutral, PublicKeyToken=null type:<unknown type> member:(null) signature:<none>
Unloading broken assembly Packages/com.google.firebase.crashlytics/Firebase/Editor/Firebase.Crashlytics.Editor.dll, this assembly can cause crashes in the runtime
Native extension for WindowsStandalone target not found
Refreshing native plugins compatible for Editor in 3.68 ms, found 7 plugins.
Preloading 0 native plugins for Editor in 0.00 ms.
Mono: successfully reloaded assembly
- Completed reload, in  2.237 seconds
Domain Reload Profiling:
	ReloadAssembly (2238ms)
		BeginReloadAssembly (165ms)
			ExecutionOrderSort (0ms)
			DisableScriptedObjects (7ms)
			BackupInstance (0ms)
			ReleaseScriptingObjects (0ms)
			CreateAndSetChildDomain (72ms)
		EndReloadAssembly (1990ms)
			LoadAssemblies (153ms)
			RebuildTransferFunctionScriptingTraits (0ms)
			SetupTypeCache (396ms)
			ReleaseScriptCaches (2ms)
			RebuildScriptCaches (35ms)
			SetupLoadedEditorAssemblies (1289ms)
				LogAssemblyErrors (0ms)
				InitializePlatformSupportModulesInManaged (4ms)
				SetLoadedEditorAssemblies (0ms)
				RefreshPlugins (4ms)
				BeforeProcessingInitializeOnLoad (91ms)
				ProcessInitializeOnLoadAttributes (1123ms)
				ProcessInitializeOnLoadMethodAttributes (63ms)
				AfterProcessingInitializeOnLoad (4ms)
				EditorAssembliesLoaded (0ms)
			ExecutionOrderSort2 (0ms)
			AwakeInstancesAfterBackupRestoration (5ms)
Platform modules already initialized, skipping
OnLevelWasLoaded was found on AdmobAds
This message has been deprecated and will be removed in a later version of Unity.
Add a delegate to SceneManager.sceneLoaded instead to get notifications after scene loading has completed
OnLevelWasLoaded was found on BoxController
This message has been deprecated and will be removed in a later version of Unity.
Add a delegate to SceneManager.sceneLoaded instead to get notifications after scene loading has completed
Switching build target platform(19) subTarget(0) extendedPlatform(0) -> platform(13) subTarget(537395200) extendedPlatform(0)
Refreshing native plugins compatible for Editor in 2.64 ms, found 7 plugins.
Preloading 0 native plugins for Editor in 0.00 ms.
Unloading 4613 Unused Serialized files (Serialized files now loaded: 0)
System memory in use before: 183.0 MB.
System memory in use after: 182.2 MB.

Unloading 339 unused Assets to reduce memory usage. Loaded Objects now: 5083.
Total: 31.850400 ms (FindLiveObjects: 0.415800 ms CreateObjectMapping: 0.159800 ms MarkObjects: 30.135200 ms  DeleteObjects: 1.138000 ms)

AssetImportParameters requested are different than current active one (requested -> active):
  custom:framework-win-MediaFoundation: 216162199b28c13a410421893ffa2e32 -> 
  custom:video-decoder-ogg-theora: a1e56fd34408186e4bbccfd4996cb3dc -> 
  custom:container-muxer-webm: aa71ff27fc2769a1b78a27578f13a17b -> 
  custom:container-demuxer-webm: 4f35f7cbe854078d1ac9338744f61a02 -> 
  custom:container-demuxer-ogg: 62fdf1f143b41e24485cea50d1cbac27 -> 
  custom:video-encoder-webm-vp8: eb34c28f22e8b96e1ab97ce403110664 -> 
  custom:video-codec-MediaFoundation-h265: 746d11721c4dcdbdad8f713fa42b33f4 -> 
  custom:video-decoder-webm-vp8: 9c59270c3fd7afecdb556c50c9e8de78 -> 
  custom:graphics/normal-map-encoding: 01000000000000000000000000000000 -> 02000000000000000000000000000000
  custom:audio-decoder-ogg-vorbis: bf7c407c2cedff20999df2af8eb42d56 -> 
  custom:audio-encoder-webm-vorbis: bf7c407c2cedff20999df2af8eb42d56 -> 
AssetImportWorkerClient::OnTransportError - code=2 error=End of file
